2024-09-19 14:35:29 0 [Note] Starting MariaDB 10.4.32-MariaDB source revision c4143f909528e3fab0677a28631d10389354c491 as process 7012
2024-09-19 14:35:29 0 [Note] InnoDB: Mutexes and rw_locks use Windows interlocked functions
2024-09-19 14:35:29 0 [Note] InnoDB: Uses event mutexes
2024-09-19 14:35:29 0 [Note] InnoDB: Compressed tables use zlib 1.3
2024-09-19 14:35:29 0 [Note] InnoDB: Number of pools: 1
2024-09-19 14:35:29 0 [Note] InnoDB: Using SSE2 crc32 instructions
2024-09-19 14:35:29 0 [Note] InnoDB: Initializing buffer pool, total size = 16M, instances = 1, chunk size = 16M
2024-09-19 14:35:29 0 [Note] InnoDB: Completed initialization of buffer pool
2024-09-19 14:35:29 0 [Note] InnoDB: Starting crash recovery from checkpoint LSN=300288
2024-09-19 14:35:29 0 [Note] InnoDB: 128 out of 128 rollback segments are active.
2024-09-19 14:35:29 0 [Note] InnoDB: Removed temporary tablespace data file: "ibtmp1"
2024-09-19 14:35:29 0 [Note] InnoDB: Creating shared tablespace for temporary tables
2024-09-19 14:35:29 0 [Note] InnoDB: Setting file 'C:\xampp\mysql\data\ibtmp1' size to 12 MB. Physically writing the file full; Please wait ...
2024-09-19 14:35:29 0 [Note] InnoDB: File 'C:\xampp\mysql\data\ibtmp1' size is now 12 MB.
2024-09-19 14:35:29 0 [Note] InnoDB: Waiting for purge to start
2024-09-19 14:35:29 0 [Note] InnoDB: 10.4.32 started; log sequence number 300297; transaction id 170
2024-09-19 14:35:29 0 [Note] InnoDB: Loading buffer pool(s) from C:\xampp\mysql\data\ib_buffer_pool
2024-09-19 14:35:29 0 [Note] Plugin 'FEEDBACK' is disabled.
2024-09-19 14:35:29 0 [Note] InnoDB: Buffer pool(s) load completed at 240919 14:35:29
2024-09-19 14:35:29 0 [Note] Server socket created on IP: '::'.
2024-09-19 14:35:29 0 [Note] Reading of all Master_info entries succeeded
2024-09-19 14:35:29 0 [Note] Added new Master_info '' to hash table
2024-09-19 14:35:29 0 [Note] C:\xampp\mysql\bin\mysqld.exe: ready for connections.
Version: '10.4.32-MariaDB'  socket: ''  port: 3306  mariadb.org binary distribution
2024-09-19 14:36:01 0 [Note] C:\xampp\mysql\bin\mysqld.exe (initiated by: unknown): Normal shutdown
2024-09-19 14:36:01 0 [Note] Event Scheduler: Purging the queue. 0 events
2024-09-19 14:36:01 0 [Note] InnoDB: FTS optimize thread exiting.
2024-09-19 14:36:01 0 [Note] InnoDB: Starting shutdown...
2024-09-19 14:36:01 0 [Note] InnoDB: Dumping buffer pool(s) to C:\xampp\mysql\data\ib_buffer_pool
2024-09-19 14:36:01 0 [Note] InnoDB: Instance 0, restricted to 250 pages due to innodb_buf_pool_dump_pct=25
2024-09-19 14:36:01 0 [Note] InnoDB: Buffer pool(s) dump completed at 240919 14:36:01
2024-09-19 14:36:02 0 [Note] InnoDB: Removed temporary tablespace data file: "ibtmp1"
2024-09-19 14:36:02 0 [Note] InnoDB: Shutdown completed; log sequence number 300315; transaction id 171
2024-09-19 14:36:02 0 [Note] C:\xampp\mysql\bin\mysqld.exe: Shutdown complete

2024-10-04 13:54:27 0 [Note] Starting MariaDB 10.4.32-MariaDB source revision c4143f909528e3fab0677a28631d10389354c491 as process 5996
2024-10-04 13:54:27 0 [Note] InnoDB: Mutexes and rw_locks use Windows interlocked functions
2024-10-04 13:54:27 0 [Note] InnoDB: Uses event mutexes
2024-10-04 13:54:27 0 [Note] InnoDB: Compressed tables use zlib 1.3
2024-10-04 13:54:27 0 [Note] InnoDB: Number of pools: 1
2024-10-04 13:54:27 0 [Note] InnoDB: Using SSE2 crc32 instructions
2024-10-04 13:54:27 0 [Note] InnoDB: Initializing buffer pool, total size = 16M, instances = 1, chunk size = 16M
2024-10-04 13:54:27 0 [Note] InnoDB: Completed initialization of buffer pool
2024-10-04 13:54:27 0 [Note] InnoDB: 128 out of 128 rollback segments are active.
2024-10-04 13:54:27 0 [Note] InnoDB: Creating shared tablespace for temporary tables
2024-10-04 13:54:27 0 [Note] InnoDB: Setting file 'C:\xampp\mysql\data\ibtmp1' size to 12 MB. Physically writing the file full; Please wait ...
2024-10-04 13:54:27 0 [Note] InnoDB: File 'C:\xampp\mysql\data\ibtmp1' size is now 12 MB.
2024-10-04 13:54:27 0 [Note] InnoDB: Waiting for purge to start
2024-10-04 13:54:27 0 [Note] InnoDB: 10.4.32 started; log sequence number 300315; transaction id 170
2024-10-04 13:54:27 0 [Note] InnoDB: Loading buffer pool(s) from C:\xampp\mysql\data\ib_buffer_pool
2024-10-04 13:54:27 0 [Note] Plugin 'FEEDBACK' is disabled.
2024-10-04 13:54:27 0 [Note] InnoDB: Buffer pool(s) load completed at 241004 13:54:27
2024-10-04 13:54:27 0 [Note] Server socket created on IP: '::'.
2024-10-04 13:54:27 0 [Note] Reading of all Master_info entries succeeded
2024-10-04 13:54:27 0 [Note] Added new Master_info '' to hash table
2024-10-04 13:54:27 0 [Note] C:\xampp\mysql\bin\mysqld.exe: ready for connections.
Version: '10.4.32-MariaDB'  socket: ''  port: 3306  mariadb.org binary distribution
2024-10-05 19:25:20 0 [Note] C:\xampp\mysql\bin\mysqld.exe (initiated by: unknown): Normal shutdown
2024-10-05 19:25:20 0 [Note] Event Scheduler: Purging the queue. 0 events
2024-10-05 19:25:20 0 [Note] InnoDB: FTS optimize thread exiting.
2024-10-05 19:25:20 0 [Note] InnoDB: Starting shutdown...
2024-10-05 19:25:20 0 [Note] InnoDB: Dumping buffer pool(s) to C:\xampp\mysql\data\ib_buffer_pool
2024-10-05 19:25:20 0 [Note] InnoDB: Instance 0, restricted to 250 pages due to innodb_buf_pool_dump_pct=25
2024-10-05 19:25:20 0 [Note] InnoDB: Buffer pool(s) dump completed at 241005 19:25:20
2024-10-05 19:25:21 0 [Note] InnoDB: Removed temporary tablespace data file: "ibtmp1"
2024-10-05 19:25:21 0 [Note] InnoDB: Shutdown completed; log sequence number 300324; transaction id 171
2024-10-05 19:25:21 0 [Note] C:\xampp\mysql\bin\mysqld.exe: Shutdown complete

2024-10-05 19:25:45 0 [Note] Starting MariaDB 10.4.32-MariaDB source revision c4143f909528e3fab0677a28631d10389354c491 as process 5944
2024-10-05 19:25:45 0 [Note] InnoDB: Mutexes and rw_locks use Windows interlocked functions
2024-10-05 19:25:45 0 [Note] InnoDB: Uses event mutexes
2024-10-05 19:25:45 0 [Note] InnoDB: Compressed tables use zlib 1.3
2024-10-05 19:25:45 0 [Note] InnoDB: Number of pools: 1
2024-10-05 19:25:45 0 [Note] InnoDB: Using SSE2 crc32 instructions
2024-10-05 19:25:45 0 [Note] InnoDB: Initializing buffer pool, total size = 16M, instances = 1, chunk size = 16M
2024-10-05 19:25:45 0 [Note] InnoDB: Completed initialization of buffer pool
2024-10-05 19:25:46 0 [Note] InnoDB: 128 out of 128 rollback segments are active.
2024-10-05 19:25:46 0 [Note] InnoDB: Creating shared tablespace for temporary tables
2024-10-05 19:25:46 0 [Note] InnoDB: Setting file 'C:\xampp\mysql\data\ibtmp1' size to 12 MB. Physically writing the file full; Please wait ...
2024-10-05 19:25:46 0 [Note] InnoDB: File 'C:\xampp\mysql\data\ibtmp1' size is now 12 MB.
2024-10-05 19:25:46 0 [Note] InnoDB: Waiting for purge to start
2024-10-05 19:25:46 0 [Note] InnoDB: 10.4.32 started; log sequence number 300324; transaction id 170
2024-10-05 19:25:46 0 [Note] InnoDB: Loading buffer pool(s) from C:\xampp\mysql\data\ib_buffer_pool
2024-10-05 19:25:46 0 [Note] Plugin 'FEEDBACK' is disabled.
2024-10-05 19:25:46 0 [Note] InnoDB: Buffer pool(s) load completed at 241005 19:25:46
2024-10-05 19:25:46 0 [Note] Server socket created on IP: '::'.
2024-10-05 19:25:46 0 [Note] Reading of all Master_info entries succeeded
2024-10-05 19:25:46 0 [Note] Added new Master_info '' to hash table
2024-10-05 19:25:46 0 [Note] C:\xampp\mysql\bin\mysqld.exe: ready for connections.
Version: '10.4.32-MariaDB'  socket: ''  port: 3306  mariadb.org binary distribution
2024-10-05 20:03:03 0 [Note] C:\xampp\mysql\bin\mysqld.exe (initiated by: unknown): Normal shutdown
2024-10-05 20:03:03 0 [Note] Event Scheduler: Purging the queue. 0 events
2024-10-05 20:03:03 0 [Note] InnoDB: FTS optimize thread exiting.
2024-10-05 20:03:03 0 [Note] InnoDB: Starting shutdown...
2024-10-05 20:03:03 0 [Note] InnoDB: Dumping buffer pool(s) to C:\xampp\mysql\data\ib_buffer_pool
2024-10-05 20:03:03 0 [Note] InnoDB: Instance 0, restricted to 250 pages due to innodb_buf_pool_dump_pct=25
2024-10-05 20:03:03 0 [Note] InnoDB: Buffer pool(s) dump completed at 241005 20:03:03
2024-10-05 20:03:04 0 [Note] InnoDB: Removed temporary tablespace data file: "ibtmp1"
2024-10-05 20:03:04 0 [Note] InnoDB: Shutdown completed; log sequence number 300333; transaction id 171
2024-10-05 20:03:04 0 [Note] C:\xampp\mysql\bin\mysqld.exe: Shutdown complete

2024-10-05 20:03:33 0 [Note] Starting MariaDB 10.4.32-MariaDB source revision c4143f909528e3fab0677a28631d10389354c491 as process 6208
2024-10-05 20:03:34 0 [Note] InnoDB: Mutexes and rw_locks use Windows interlocked functions
2024-10-05 20:03:34 0 [Note] InnoDB: Uses event mutexes
2024-10-05 20:03:34 0 [Note] InnoDB: Compressed tables use zlib 1.3
2024-10-05 20:03:34 0 [Note] InnoDB: Number of pools: 1
2024-10-05 20:03:34 0 [Note] InnoDB: Using SSE2 crc32 instructions
2024-10-05 20:03:34 0 [Note] InnoDB: Initializing buffer pool, total size = 16M, instances = 1, chunk size = 16M
2024-10-05 20:03:34 0 [Note] InnoDB: Completed initialization of buffer pool
2024-10-05 20:03:34 0 [Note] InnoDB: 128 out of 128 rollback segments are active.
2024-10-05 20:03:34 0 [Note] InnoDB: Creating shared tablespace for temporary tables
2024-10-05 20:03:34 0 [Note] InnoDB: Setting file 'C:\xampp\mysql\data\ibtmp1' size to 12 MB. Physically writing the file full; Please wait ...
2024-10-05 20:03:34 0 [Note] InnoDB: File 'C:\xampp\mysql\data\ibtmp1' size is now 12 MB.
2024-10-05 20:03:34 0 [Note] InnoDB: Waiting for purge to start
2024-10-05 20:03:34 0 [Note] InnoDB: 10.4.32 started; log sequence number 300333; transaction id 170
2024-10-05 20:03:34 0 [Note] InnoDB: Loading buffer pool(s) from C:\xampp\mysql\data\ib_buffer_pool
2024-10-05 20:03:34 0 [Note] InnoDB: Buffer pool(s) load completed at 241005 20:03:34
2024-10-05 20:03:34 0 [Note] Plugin 'FEEDBACK' is disabled.
2024-10-05 20:03:34 0 [Note] Server socket created on IP: '::'.
2024-10-05 20:03:34 0 [Note] Reading of all Master_info entries succeeded
2024-10-05 20:03:34 0 [Note] Added new Master_info '' to hash table
2024-10-05 20:03:34 0 [Note] C:\xampp\mysql\bin\mysqld.exe: ready for connections.
Version: '10.4.32-MariaDB'  socket: ''  port: 3306  mariadb.org binary distribution
2024-10-05 20:10:59 0 [Note] C:\xampp\mysql\bin\mysqld.exe (initiated by: unknown): Normal shutdown
2024-10-05 20:10:59 0 [Note] Event Scheduler: Purging the queue. 0 events
2024-10-05 20:10:59 0 [Note] InnoDB: FTS optimize thread exiting.
2024-10-05 20:10:59 0 [Note] InnoDB: Starting shutdown...
2024-10-05 20:10:59 0 [Note] InnoDB: Dumping buffer pool(s) to C:\xampp\mysql\data\ib_buffer_pool
2024-10-05 20:10:59 0 [Note] InnoDB: Instance 0, restricted to 250 pages due to innodb_buf_pool_dump_pct=25
2024-10-05 20:10:59 0 [Note] InnoDB: Buffer pool(s) dump completed at 241005 20:10:59
2024-10-05 20:10:59 0 [Note] InnoDB: Removed temporary tablespace data file: "ibtmp1"
2024-10-05 20:10:59 0 [Note] InnoDB: Shutdown completed; log sequence number 300342; transaction id 171
2024-10-05 20:10:59 0 [Note] C:\xampp\mysql\bin\mysqld.exe: Shutdown complete

2024-10-05 20:11:28 0 [Note] Starting MariaDB 10.4.32-MariaDB source revision c4143f909528e3fab0677a28631d10389354c491 as process 5724
2024-10-05 20:11:28 0 [Note] InnoDB: Mutexes and rw_locks use Windows interlocked functions
2024-10-05 20:11:28 0 [Note] InnoDB: Uses event mutexes
2024-10-05 20:11:28 0 [Note] InnoDB: Compressed tables use zlib 1.3
2024-10-05 20:11:28 0 [Note] InnoDB: Number of pools: 1
2024-10-05 20:11:28 0 [Note] InnoDB: Using SSE2 crc32 instructions
2024-10-05 20:11:28 0 [Note] InnoDB: Initializing buffer pool, total size = 16M, instances = 1, chunk size = 16M
2024-10-05 20:11:28 0 [Note] InnoDB: Completed initialization of buffer pool
2024-10-05 20:11:28 0 [Note] InnoDB: 128 out of 128 rollback segments are active.
2024-10-05 20:11:28 0 [Note] InnoDB: Creating shared tablespace for temporary tables
2024-10-05 20:11:28 0 [Note] InnoDB: Setting file 'C:\xampp\mysql\data\ibtmp1' size to 12 MB. Physically writing the file full; Please wait ...
2024-10-05 20:11:28 0 [Note] InnoDB: File 'C:\xampp\mysql\data\ibtmp1' size is now 12 MB.
2024-10-05 20:11:28 0 [Note] InnoDB: Waiting for purge to start
2024-10-05 20:11:28 0 [Note] InnoDB: 10.4.32 started; log sequence number 300342; transaction id 170
2024-10-05 20:11:28 0 [Note] InnoDB: Loading buffer pool(s) from C:\xampp\mysql\data\ib_buffer_pool
2024-10-05 20:11:28 0 [Note] Plugin 'FEEDBACK' is disabled.
2024-10-05 20:11:28 0 [Note] InnoDB: Buffer pool(s) load completed at 241005 20:11:28
2024-10-05 20:11:28 0 [Note] Server socket created on IP: '::'.
2024-10-05 20:11:28 0 [Note] Reading of all Master_info entries succeeded
2024-10-05 20:11:28 0 [Note] Added new Master_info '' to hash table
2024-10-05 20:11:28 0 [Note] C:\xampp\mysql\bin\mysqld.exe: ready for connections.
Version: '10.4.32-MariaDB'  socket: ''  port: 3306  mariadb.org binary distribution
2024-10-05 20:41:31 0 [Note] C:\xampp\mysql\bin\mysqld.exe (initiated by: unknown): Normal shutdown
2024-10-05 20:41:31 0 [Note] Event Scheduler: Purging the queue. 0 events
2024-10-05 20:41:31 0 [Note] InnoDB: FTS optimize thread exiting.
2024-10-05 20:41:31 0 [Note] InnoDB: Starting shutdown...
2024-10-05 20:41:31 0 [Note] InnoDB: Dumping buffer pool(s) to C:\xampp\mysql\data\ib_buffer_pool
2024-10-05 20:41:31 0 [Note] InnoDB: Instance 0, restricted to 250 pages due to innodb_buf_pool_dump_pct=25
2024-10-05 20:41:31 0 [Note] InnoDB: Buffer pool(s) dump completed at 241005 20:41:31
2024-10-05 20:41:32 0 [Note] InnoDB: Removed temporary tablespace data file: "ibtmp1"
2024-10-05 20:41:32 0 [Note] InnoDB: Shutdown completed; log sequence number 300351; transaction id 171
2024-10-05 20:41:32 0 [Note] C:\xampp\mysql\bin\mysqld.exe: Shutdown complete

2024-10-05 20:42:00 0 [Note] Starting MariaDB 10.4.32-MariaDB source revision c4143f909528e3fab0677a28631d10389354c491 as process 5572
2024-10-05 20:42:00 0 [Note] InnoDB: Mutexes and rw_locks use Windows interlocked functions
2024-10-05 20:42:00 0 [Note] InnoDB: Uses event mutexes
2024-10-05 20:42:00 0 [Note] InnoDB: Compressed tables use zlib 1.3
2024-10-05 20:42:00 0 [Note] InnoDB: Number of pools: 1
2024-10-05 20:42:00 0 [Note] InnoDB: Using SSE2 crc32 instructions
2024-10-05 20:42:00 0 [Note] InnoDB: Initializing buffer pool, total size = 16M, instances = 1, chunk size = 16M
2024-10-05 20:42:00 0 [Note] InnoDB: Completed initialization of buffer pool
2024-10-05 20:42:00 0 [Note] InnoDB: 128 out of 128 rollback segments are active.
2024-10-05 20:42:00 0 [Note] InnoDB: Creating shared tablespace for temporary tables
2024-10-05 20:42:00 0 [Note] InnoDB: Setting file 'C:\xampp\mysql\data\ibtmp1' size to 12 MB. Physically writing the file full; Please wait ...
2024-10-05 20:42:00 0 [Note] InnoDB: File 'C:\xampp\mysql\data\ibtmp1' size is now 12 MB.
2024-10-05 20:42:00 0 [Note] InnoDB: Waiting for purge to start
2024-10-05 20:42:00 0 [Note] InnoDB: 10.4.32 started; log sequence number 300351; transaction id 170
2024-10-05 20:42:00 0 [Note] InnoDB: Loading buffer pool(s) from C:\xampp\mysql\data\ib_buffer_pool
2024-10-05 20:42:00 0 [Note] Plugin 'FEEDBACK' is disabled.
2024-10-05 20:42:00 0 [Note] InnoDB: Buffer pool(s) load completed at 241005 20:42:00
2024-10-05 20:42:00 0 [Note] Server socket created on IP: '::'.
2024-10-05 20:42:00 0 [Note] Reading of all Master_info entries succeeded
2024-10-05 20:42:00 0 [Note] Added new Master_info '' to hash table
2024-10-05 20:42:00 0 [Note] C:\xampp\mysql\bin\mysqld.exe: ready for connections.
Version: '10.4.32-MariaDB'  socket: ''  port: 3306  mariadb.org binary distribution
2024-10-05 20:47:18 0 [Note] C:\xampp\mysql\bin\mysqld.exe (initiated by: unknown): Normal shutdown
2024-10-05 20:47:18 0 [Note] Event Scheduler: Purging the queue. 0 events
2024-10-05 20:47:18 0 [Note] InnoDB: FTS optimize thread exiting.
2024-10-05 20:47:18 0 [Note] InnoDB: Starting shutdown...
2024-10-05 20:47:18 0 [Note] InnoDB: Dumping buffer pool(s) to C:\xampp\mysql\data\ib_buffer_pool
2024-10-05 20:47:18 0 [Note] InnoDB: Instance 0, restricted to 250 pages due to innodb_buf_pool_dump_pct=25
2024-10-05 20:47:18 0 [Note] InnoDB: Buffer pool(s) dump completed at 241005 20:47:18
2024-10-05 20:47:18 0 [Note] InnoDB: Removed temporary tablespace data file: "ibtmp1"
2024-10-05 20:47:18 0 [Note] InnoDB: Shutdown completed; log sequence number 300360; transaction id 171
2024-10-05 20:47:18 0 [Note] C:\xampp\mysql\bin\mysqld.exe: Shutdown complete

2024-10-05 20:48:29 0 [Note] Starting MariaDB 10.4.32-MariaDB source revision c4143f909528e3fab0677a28631d10389354c491 as process 5900
2024-10-05 20:48:29 0 [Note] InnoDB: Mutexes and rw_locks use Windows interlocked functions
2024-10-05 20:48:29 0 [Note] InnoDB: Uses event mutexes
2024-10-05 20:48:29 0 [Note] InnoDB: Compressed tables use zlib 1.3
2024-10-05 20:48:29 0 [Note] InnoDB: Number of pools: 1
2024-10-05 20:48:29 0 [Note] InnoDB: Using SSE2 crc32 instructions
2024-10-05 20:48:29 0 [Note] InnoDB: Initializing buffer pool, total size = 16M, instances = 1, chunk size = 16M
2024-10-05 20:48:29 0 [Note] InnoDB: Completed initialization of buffer pool
2024-10-05 20:48:29 0 [Note] InnoDB: 128 out of 128 rollback segments are active.
2024-10-05 20:48:29 0 [Note] InnoDB: Creating shared tablespace for temporary tables
2024-10-05 20:48:29 0 [Note] InnoDB: Setting file 'C:\xampp\mysql\data\ibtmp1' size to 12 MB. Physically writing the file full; Please wait ...
2024-10-05 20:48:29 0 [Note] InnoDB: File 'C:\xampp\mysql\data\ibtmp1' size is now 12 MB.
2024-10-05 20:48:29 0 [Note] InnoDB: Waiting for purge to start
2024-10-05 20:48:29 0 [Note] InnoDB: 10.4.32 started; log sequence number 300360; transaction id 170
2024-10-05 20:48:29 0 [Note] InnoDB: Loading buffer pool(s) from C:\xampp\mysql\data\ib_buffer_pool
2024-10-05 20:48:29 0 [Note] Plugin 'FEEDBACK' is disabled.
2024-10-05 20:48:29 0 [Note] InnoDB: Buffer pool(s) load completed at 241005 20:48:29
2024-10-05 20:48:29 0 [Note] Server socket created on IP: '::'.
2024-10-05 20:48:29 0 [Note] Reading of all Master_info entries succeeded
2024-10-05 20:48:29 0 [Note] Added new Master_info '' to hash table
2024-10-05 20:48:29 0 [Note] C:\xampp\mysql\bin\mysqld.exe: ready for connections.
Version: '10.4.32-MariaDB'  socket: ''  port: 3306  mariadb.org binary distribution
2024-10-05 21:05:25 0 [Note] C:\xampp\mysql\bin\mysqld.exe (initiated by: unknown): Normal shutdown
2024-10-05 21:05:25 0 [Note] Event Scheduler: Purging the queue. 0 events
2024-10-05 21:05:25 0 [Note] InnoDB: FTS optimize thread exiting.
2024-10-05 21:05:25 0 [Note] InnoDB: Starting shutdown...
2024-10-05 21:05:25 0 [Note] InnoDB: Dumping buffer pool(s) to C:\xampp\mysql\data\ib_buffer_pool
2024-10-05 21:05:25 0 [Note] InnoDB: Instance 0, restricted to 250 pages due to innodb_buf_pool_dump_pct=25
2024-10-05 21:05:25 0 [Note] InnoDB: Buffer pool(s) dump completed at 241005 21:05:25
2024-10-05 21:05:25 0 [Note] InnoDB: Removed temporary tablespace data file: "ibtmp1"
2024-10-05 21:05:25 0 [Note] InnoDB: Shutdown completed; log sequence number 308386; transaction id 218
2024-10-05 21:05:25 0 [Note] C:\xampp\mysql\bin\mysqld.exe: Shutdown complete

2024-10-05 21:05:51 0 [Note] Starting MariaDB 10.4.32-MariaDB source revision c4143f909528e3fab0677a28631d10389354c491 as process 5752
2024-10-05 21:05:51 0 [Note] InnoDB: Mutexes and rw_locks use Windows interlocked functions
2024-10-05 21:05:51 0 [Note] InnoDB: Uses event mutexes
2024-10-05 21:05:51 0 [Note] InnoDB: Compressed tables use zlib 1.3
2024-10-05 21:05:51 0 [Note] InnoDB: Number of pools: 1
2024-10-05 21:05:51 0 [Note] InnoDB: Using SSE2 crc32 instructions
2024-10-05 21:05:51 0 [Note] InnoDB: Initializing buffer pool, total size = 16M, instances = 1, chunk size = 16M
2024-10-05 21:05:51 0 [Note] InnoDB: Completed initialization of buffer pool
2024-10-05 21:05:51 0 [Note] InnoDB: 128 out of 128 rollback segments are active.
2024-10-05 21:05:51 0 [Note] InnoDB: Creating shared tablespace for temporary tables
2024-10-05 21:05:51 0 [Note] InnoDB: Setting file 'C:\xampp\mysql\data\ibtmp1' size to 12 MB. Physically writing the file full; Please wait ...
2024-10-05 21:05:51 0 [Note] InnoDB: File 'C:\xampp\mysql\data\ibtmp1' size is now 12 MB.
2024-10-05 21:05:51 0 [Note] InnoDB: Waiting for purge to start
2024-10-05 21:05:51 0 [Note] InnoDB: 10.4.32 started; log sequence number 308386; transaction id 219
2024-10-05 21:05:51 0 [Note] InnoDB: Loading buffer pool(s) from C:\xampp\mysql\data\ib_buffer_pool
2024-10-05 21:05:51 0 [Note] Plugin 'FEEDBACK' is disabled.
2024-10-05 21:05:51 0 [Note] Server socket created on IP: '::'.
2024-10-05 21:05:51 0 [Note] InnoDB: Buffer pool(s) load completed at 241005 21:05:51
2024-10-05 21:05:51 0 [Note] Reading of all Master_info entries succeeded
2024-10-05 21:05:51 0 [Note] Added new Master_info '' to hash table
2024-10-05 21:05:51 0 [Note] C:\xampp\mysql\bin\mysqld.exe: ready for connections.
Version: '10.4.32-MariaDB'  socket: ''  port: 3306  mariadb.org binary distribution
2024-10-11 18:33:24 0 [Note] C:\xampp\mysql\bin\mysqld.exe (initiated by: unknown): Normal shutdown
2024-10-11 18:33:24 0 [Note] Event Scheduler: Purging the queue. 0 events
2024-10-11 18:33:24 0 [Note] InnoDB: FTS optimize thread exiting.
2024-10-11 18:33:24 0 [Note] InnoDB: Starting shutdown...
2024-10-11 18:33:24 0 [Note] InnoDB: Dumping buffer pool(s) to C:\xampp\mysql\data\ib_buffer_pool
2024-10-11 18:33:24 0 [Note] InnoDB: Instance 0, restricted to 250 pages due to innodb_buf_pool_dump_pct=25
2024-10-11 18:33:24 0 [Note] InnoDB: Buffer pool(s) dump completed at 241011 18:33:24
2024-10-11 18:33:25 0 [Note] InnoDB: Removed temporary tablespace data file: "ibtmp1"
2024-10-11 18:33:25 0 [Note] InnoDB: Shutdown completed; log sequence number 308395; transaction id 220
2024-10-11 18:33:25 0 [Note] C:\xampp\mysql\bin\mysqld.exe: Shutdown complete

2024-10-11 18:33:52 0 [Note] Starting MariaDB 10.4.32-MariaDB source revision c4143f909528e3fab0677a28631d10389354c491 as process 6044
2024-10-11 18:33:52 0 [Note] InnoDB: Mutexes and rw_locks use Windows interlocked functions
2024-10-11 18:33:52 0 [Note] InnoDB: Uses event mutexes
2024-10-11 18:33:52 0 [Note] InnoDB: Compressed tables use zlib 1.3
2024-10-11 18:33:52 0 [Note] InnoDB: Number of pools: 1
2024-10-11 18:33:52 0 [Note] InnoDB: Using SSE2 crc32 instructions
2024-10-11 18:33:52 0 [Note] InnoDB: Initializing buffer pool, total size = 16M, instances = 1, chunk size = 16M
2024-10-11 18:33:52 0 [Note] InnoDB: Completed initialization of buffer pool
2024-10-11 18:33:52 0 [Note] InnoDB: 128 out of 128 rollback segments are active.
2024-10-11 18:33:52 0 [Note] InnoDB: Creating shared tablespace for temporary tables
2024-10-11 18:33:52 0 [Note] InnoDB: Setting file 'C:\xampp\mysql\data\ibtmp1' size to 12 MB. Physically writing the file full; Please wait ...
2024-10-11 18:33:52 0 [Note] InnoDB: File 'C:\xampp\mysql\data\ibtmp1' size is now 12 MB.
2024-10-11 18:33:52 0 [Note] InnoDB: Waiting for purge to start
2024-10-11 18:33:52 0 [Note] InnoDB: 10.4.32 started; log sequence number 308395; transaction id 219
2024-10-11 18:33:52 0 [Note] InnoDB: Loading buffer pool(s) from C:\xampp\mysql\data\ib_buffer_pool
2024-10-11 18:33:52 0 [Note] Plugin 'FEEDBACK' is disabled.
2024-10-11 18:33:52 0 [Note] Server socket created on IP: '::'.
2024-10-11 18:33:52 0 [Note] InnoDB: Buffer pool(s) load completed at 241011 18:33:52
2024-10-11 18:33:52 0 [Note] Reading of all Master_info entries succeeded
2024-10-11 18:33:52 0 [Note] Added new Master_info '' to hash table
2024-10-11 18:33:52 0 [Note] C:\xampp\mysql\bin\mysqld.exe: ready for connections.
Version: '10.4.32-MariaDB'  socket: ''  port: 3306  mariadb.org binary distribution
2024-10-14 20:27:15 0 [Note] C:\xampp\mysql\bin\mysqld.exe (initiated by: unknown): Normal shutdown
2024-10-14 20:27:15 0 [Note] Event Scheduler: Purging the queue. 0 events
2024-10-14 20:27:15 0 [Note] InnoDB: FTS optimize thread exiting.
2024-10-14 20:27:15 0 [Note] InnoDB: Starting shutdown...
2024-10-14 20:27:15 0 [Note] InnoDB: Dumping buffer pool(s) to C:\xampp\mysql\data\ib_buffer_pool
2024-10-14 20:27:15 0 [Note] InnoDB: Instance 0, restricted to 250 pages due to innodb_buf_pool_dump_pct=25
2024-10-14 20:27:15 0 [Note] InnoDB: Buffer pool(s) dump completed at 241014 20:27:15
2024-10-14 20:27:16 0 [Note] InnoDB: Removed temporary tablespace data file: "ibtmp1"
2024-10-14 20:27:16 0 [Note] InnoDB: Shutdown completed; log sequence number 310658; transaction id 249
2024-10-14 20:27:16 0 [Note] C:\xampp\mysql\bin\mysqld.exe: Shutdown complete

2024-10-14 20:27:41 0 [Note] Starting MariaDB 10.4.32-MariaDB source revision c4143f909528e3fab0677a28631d10389354c491 as process 5592
2024-10-14 20:27:41 0 [Note] InnoDB: Mutexes and rw_locks use Windows interlocked functions
2024-10-14 20:27:41 0 [Note] InnoDB: Uses event mutexes
2024-10-14 20:27:41 0 [Note] InnoDB: Compressed tables use zlib 1.3
2024-10-14 20:27:41 0 [Note] InnoDB: Number of pools: 1
2024-10-14 20:27:41 0 [Note] InnoDB: Using SSE2 crc32 instructions
2024-10-14 20:27:41 0 [Note] InnoDB: Initializing buffer pool, total size = 16M, instances = 1, chunk size = 16M
2024-10-14 20:27:41 0 [Note] InnoDB: Completed initialization of buffer pool
2024-10-14 20:27:42 0 [Note] InnoDB: 128 out of 128 rollback segments are active.
2024-10-14 20:27:42 0 [Note] InnoDB: Creating shared tablespace for temporary tables
2024-10-14 20:27:42 0 [Note] InnoDB: Setting file 'C:\xampp\mysql\data\ibtmp1' size to 12 MB. Physically writing the file full; Please wait ...
2024-10-14 20:27:42 0 [Note] InnoDB: File 'C:\xampp\mysql\data\ibtmp1' size is now 12 MB.
2024-10-14 20:27:42 0 [Note] InnoDB: Waiting for purge to start
2024-10-14 20:27:42 0 [Note] InnoDB: 10.4.32 started; log sequence number 310658; transaction id 250
2024-10-14 20:27:42 0 [Note] InnoDB: Loading buffer pool(s) from C:\xampp\mysql\data\ib_buffer_pool
2024-10-14 20:27:42 0 [Note] Plugin 'FEEDBACK' is disabled.
2024-10-14 20:27:42 0 [Note] Server socket created on IP: '::'.
2024-10-14 20:27:42 0 [Note] Reading of all Master_info entries succeeded
2024-10-14 20:27:42 0 [Note] Added new Master_info '' to hash table
2024-10-14 20:27:42 0 [Note] InnoDB: Buffer pool(s) load completed at 241014 20:27:42
2024-10-14 20:27:42 0 [Note] C:\xampp\mysql\bin\mysqld.exe: ready for connections.
Version: '10.4.32-MariaDB'  socket: ''  port: 3306  mariadb.org binary distribution
2024-10-23 23:44:53 0 [Note] C:\xampp\mysql\bin\mysqld.exe (initiated by: unknown): Normal shutdown
2024-10-23 23:44:53 0 [Note] InnoDB: FTS optimize thread exiting.
2024-10-23 23:44:53 0 [Note] Event Scheduler: Purging the queue. 0 events
2024-10-23 23:44:53 0 [Note] InnoDB: Starting shutdown...
2024-10-23 23:44:53 0 [Note] InnoDB: Dumping buffer pool(s) to C:\xampp\mysql\data\ib_buffer_pool
2024-10-23 23:44:53 0 [Note] InnoDB: Instance 0, restricted to 250 pages due to innodb_buf_pool_dump_pct=25
2024-10-23 23:44:53 0 [Note] InnoDB: Buffer pool(s) dump completed at 241023 23:44:53
2024-10-23 23:44:54 0 [Note] InnoDB: Removed temporary tablespace data file: "ibtmp1"
2024-10-23 23:44:54 0 [Note] InnoDB: Shutdown completed; log sequence number 310667; transaction id 251
2024-10-23 23:44:54 0 [Note] C:\xampp\mysql\bin\mysqld.exe: Shutdown complete

2024-10-23 23:45:25 0 [Note] Starting MariaDB 10.4.32-MariaDB source revision c4143f909528e3fab0677a28631d10389354c491 as process 5980
2024-10-23 23:45:25 0 [Note] InnoDB: Mutexes and rw_locks use Windows interlocked functions
2024-10-23 23:45:25 0 [Note] InnoDB: Uses event mutexes
2024-10-23 23:45:25 0 [Note] InnoDB: Compressed tables use zlib 1.3
2024-10-23 23:45:25 0 [Note] InnoDB: Number of pools: 1
2024-10-23 23:45:25 0 [Note] InnoDB: Using SSE2 crc32 instructions
2024-10-23 23:45:25 0 [Note] InnoDB: Initializing buffer pool, total size = 16M, instances = 1, chunk size = 16M
2024-10-23 23:45:25 0 [Note] InnoDB: Completed initialization of buffer pool
2024-10-23 23:45:25 0 [Note] InnoDB: 128 out of 128 rollback segments are active.
2024-10-23 23:45:25 0 [Note] InnoDB: Creating shared tablespace for temporary tables
2024-10-23 23:45:25 0 [Note] InnoDB: Setting file 'C:\xampp\mysql\data\ibtmp1' size to 12 MB. Physically writing the file full; Please wait ...
2024-10-23 23:45:25 0 [Note] InnoDB: File 'C:\xampp\mysql\data\ibtmp1' size is now 12 MB.
2024-10-23 23:45:25 0 [Note] InnoDB: Waiting for purge to start
2024-10-23 23:45:25 0 [Note] InnoDB: 10.4.32 started; log sequence number 310667; transaction id 250
2024-10-23 23:45:25 0 [Note] InnoDB: Loading buffer pool(s) from C:\xampp\mysql\data\ib_buffer_pool
2024-10-23 23:45:25 0 [Note] Plugin 'FEEDBACK' is disabled.
2024-10-23 23:45:25 0 [Note] Server socket created on IP: '::'.
2024-10-23 23:45:25 0 [Note] InnoDB: Buffer pool(s) load completed at 241023 23:45:25
2024-10-23 23:45:25 0 [Note] Reading of all Master_info entries succeeded
2024-10-23 23:45:25 0 [Note] Added new Master_info '' to hash table
2024-10-23 23:45:25 0 [Note] C:\xampp\mysql\bin\mysqld.exe: ready for connections.
Version: '10.4.32-MariaDB'  socket: ''  port: 3306  mariadb.org binary distribution
2024-10-23 23:46:06 0 [Note] C:\xampp\mysql\bin\mysqld.exe (initiated by: unknown): Normal shutdown
2024-10-23 23:46:06 0 [Note] Event Scheduler: Purging the queue. 0 events
2024-10-23 23:46:06 0 [Note] InnoDB: FTS optimize thread exiting.
2024-10-23 23:46:06 0 [Note] InnoDB: Starting shutdown...
2024-10-23 23:46:06 0 [Note] InnoDB: Dumping buffer pool(s) to C:\xampp\mysql\data\ib_buffer_pool
2024-10-23 23:46:06 0 [Note] InnoDB: Instance 0, restricted to 250 pages due to innodb_buf_pool_dump_pct=25
2024-10-23 23:46:06 0 [Note] InnoDB: Buffer pool(s) dump completed at 241023 23:46:06
2024-10-23 23:46:07 0 [Note] InnoDB: Removed temporary tablespace data file: "ibtmp1"
2024-10-23 23:46:07 0 [Note] InnoDB: Shutdown completed; log sequence number 310676; transaction id 251
2024-10-23 23:46:07 0 [Note] C:\xampp\mysql\bin\mysqld.exe: Shutdown complete

2024-10-24 13:45:50 0 [Note] Starting MariaDB 10.4.32-MariaDB source revision c4143f909528e3fab0677a28631d10389354c491 as process 6248
2024-10-24 13:45:50 0 [Note] InnoDB: Mutexes and rw_locks use Windows interlocked functions
2024-10-24 13:45:50 0 [Note] InnoDB: Uses event mutexes
2024-10-24 13:45:50 0 [Note] InnoDB: Compressed tables use zlib 1.3
2024-10-24 13:45:50 0 [Note] InnoDB: Number of pools: 1
2024-10-24 13:45:50 0 [Note] InnoDB: Using SSE2 crc32 instructions
2024-10-24 13:45:50 0 [Note] InnoDB: Initializing buffer pool, total size = 16M, instances = 1, chunk size = 16M
2024-10-24 13:45:50 0 [Note] InnoDB: Completed initialization of buffer pool
2024-10-24 13:45:50 0 [Note] InnoDB: 128 out of 128 rollback segments are active.
2024-10-24 13:45:50 0 [Note] InnoDB: Creating shared tablespace for temporary tables
2024-10-24 13:45:50 0 [Note] InnoDB: Setting file 'C:\xampp\mysql\data\ibtmp1' size to 12 MB. Physically writing the file full; Please wait ...
2024-10-24 13:45:50 0 [Note] InnoDB: File 'C:\xampp\mysql\data\ibtmp1' size is now 12 MB.
2024-10-24 13:45:50 0 [Note] InnoDB: Waiting for purge to start
2024-10-24 13:45:50 0 [Note] InnoDB: 10.4.32 started; log sequence number 310676; transaction id 250
2024-10-24 13:45:50 0 [Note] Plugin 'FEEDBACK' is disabled.
2024-10-24 13:45:50 0 [Note] Server socket created on IP: '::'.
2024-10-24 13:45:50 0 [Note] InnoDB: Loading buffer pool(s) from C:\xampp\mysql\data\ib_buffer_pool
2024-10-24 13:45:50 0 [Note] InnoDB: Buffer pool(s) load completed at 241024 13:45:50
2024-10-24 13:45:50 0 [Note] Reading of all Master_info entries succeeded
2024-10-24 13:45:50 0 [Note] Added new Master_info '' to hash table
2024-10-24 13:45:50 0 [Note] C:\xampp\mysql\bin\mysqld.exe: ready for connections.
Version: '10.4.32-MariaDB'  socket: ''  port: 3306  mariadb.org binary distribution
2024-10-24 15:06:11 0 [Note] C:\xampp\mysql\bin\mysqld.exe (initiated by: unknown): Normal shutdown
2024-10-24 15:06:11 0 [Note] Event Scheduler: Purging the queue. 0 events
2024-10-24 15:06:11 0 [Note] InnoDB: FTS optimize thread exiting.
2024-10-24 15:06:11 0 [Note] InnoDB: Starting shutdown...
2024-10-24 15:06:11 0 [Note] InnoDB: Dumping buffer pool(s) to C:\xampp\mysql\data\ib_buffer_pool
2024-10-24 15:06:11 0 [Note] InnoDB: Instance 0, restricted to 250 pages due to innodb_buf_pool_dump_pct=25
2024-10-24 15:06:11 0 [Note] InnoDB: Buffer pool(s) dump completed at 241024 15:06:11
2024-10-24 15:06:11 0 [Note] InnoDB: Shutdown completed; log sequence number 311002; transaction id 272
2024-10-24 15:06:11 0 [Note] C:\xampp\mysql\bin\mysqld.exe: Shutdown complete

2024-10-24 15:22:46 0 [Note] Starting MariaDB 10.4.32-MariaDB source revision c4143f909528e3fab0677a28631d10389354c491 as process 16032
2024-10-24 15:22:46 0 [Note] InnoDB: The first innodb_system data file 'ibdata1' did not exist. A new tablespace will be created!
2024-10-24 15:22:46 0 [Note] InnoDB: Mutexes and rw_locks use Windows interlocked functions
2024-10-24 15:22:46 0 [Note] InnoDB: Uses event mutexes
2024-10-24 15:22:46 0 [Note] InnoDB: Compressed tables use zlib 1.3
2024-10-24 15:22:46 0 [Note] InnoDB: Number of pools: 1
2024-10-24 15:22:46 0 [Note] InnoDB: Using SSE2 crc32 instructions
2024-10-24 15:22:46 0 [Note] InnoDB: Initializing buffer pool, total size = 16M, instances = 1, chunk size = 16M
2024-10-24 15:22:46 0 [Note] InnoDB: Completed initialization of buffer pool
2024-10-24 15:22:46 0 [Note] InnoDB: Setting file 'C:\xampp\mysql\data\ibdata1' size to 10 MB. Physically writing the file full; Please wait ...
2024-10-24 15:22:46 0 [Note] InnoDB: File 'C:\xampp\mysql\data\ibdata1' size is now 10 MB.
2024-10-24 15:22:46 0 [Note] InnoDB: Setting log file C:\xampp\mysql\data\ib_logfile101 size to 5242880 bytes
2024-10-24 15:22:46 0 [Note] InnoDB: Setting log file C:\xampp\mysql\data\ib_logfile1 size to 5242880 bytes
2024-10-24 15:22:46 0 [Note] InnoDB: Renaming log file C:\xampp\mysql\data\ib_logfile101 to C:\xampp\mysql\data\ib_logfile0
2024-10-24 15:22:46 0 [Note] InnoDB: New log files created, LSN=11451
2024-10-24 15:22:46 0 [Note] InnoDB: Doublewrite buffer not found: creating new
2024-10-24 15:22:46 0 [Note] InnoDB: Doublewrite buffer created
2024-10-24 15:22:46 0 [Note] InnoDB: 128 out of 128 rollback segments are active.
2024-10-24 15:22:46 0 [Note] InnoDB: Creating foreign key constraint system tables.
2024-10-24 15:22:46 0 [Note] InnoDB: Creating tablespace and datafile system tables.
2024-10-24 15:22:46 0 [Note] InnoDB: Creating sys_virtual system tables.
2024-10-24 15:22:46 0 [Note] InnoDB: Creating shared tablespace for temporary tables
2024-10-24 15:22:46 0 [Note] InnoDB: Setting file 'C:\xampp\mysql\data\ibtmp1' size to 12 MB. Physically writing the file full; Please wait ...
2024-10-24 15:22:46 0 [Note] InnoDB: File 'C:\xampp\mysql\data\ibtmp1' size is now 12 MB.
2024-10-24 15:22:46 0 [Note] InnoDB: Waiting for purge to start
2024-10-24 15:22:46 0 [Note] InnoDB: 10.4.32 started; log sequence number 0; transaction id 7
2024-10-24 15:22:46 0 [Note] Plugin 'FEEDBACK' is disabled.
2024-10-24 15:22:46 0 [Note] Server socket created on IP: '::'.
2024-10-24 15:22:47 6 [Warning] Failed to load slave replication state from table mysql.gtid_slave_pos: 1932: Table 'mysql.gtid_slave_pos' doesn't exist in engine
2024-10-24 15:22:47 0 [Note] Reading of all Master_info entries succeeded
2024-10-24 15:22:47 0 [Note] Added new Master_info '' to hash table
2024-10-24 15:22:47 0 [Note] C:\xampp\mysql\bin\mysqld.exe: ready for connections.
Version: '10.4.32-MariaDB'  socket: ''  port: 3306  mariadb.org binary distribution
2024-10-30 18:26:54 159 [ERROR] InnoDB: Table `mysql`.`innodb_table_stats` not found.
2024-11-13 13:59:45 0 [Note] C:\xampp\mysql\bin\mysqld.exe (initiated by: unknown): Normal shutdown
2024-11-13 13:59:45 0 [Note] InnoDB: FTS optimize thread exiting.
2024-11-13 13:59:45 0 [Note] Event Scheduler: Purging the queue. 0 events
2024-11-13 13:59:45 0 [Note] InnoDB: Starting shutdown...
2024-11-13 13:59:45 0 [Note] InnoDB: Dumping buffer pool(s) to C:\xampp\mysql\data\ib_buffer_pool
2024-11-13 13:59:45 0 [Note] InnoDB: Buffer pool(s) dump completed at 241113 13:59:45
2024-11-13 13:59:46 0 [Note] InnoDB: Removed temporary tablespace data file: "ibtmp1"
2024-11-13 13:59:46 0 [Note] InnoDB: Shutdown completed; log sequence number 94010; transaction id 59
2024-11-13 13:59:46 0 [Note] C:\xampp\mysql\bin\mysqld.exe: Shutdown complete

2024-11-13 14:00:13 0 [Note] Starting MariaDB 10.4.32-MariaDB source revision c4143f909528e3fab0677a28631d10389354c491 as process 6244
2024-11-13 14:00:13 0 [Note] InnoDB: Mutexes and rw_locks use Windows interlocked functions
2024-11-13 14:00:13 0 [Note] InnoDB: Uses event mutexes
2024-11-13 14:00:13 0 [Note] InnoDB: Compressed tables use zlib 1.3
2024-11-13 14:00:13 0 [Note] InnoDB: Number of pools: 1
2024-11-13 14:00:13 0 [Note] InnoDB: Using SSE2 crc32 instructions
2024-11-13 14:00:13 0 [Note] InnoDB: Initializing buffer pool, total size = 16M, instances = 1, chunk size = 16M
2024-11-13 14:00:13 0 [Note] InnoDB: Completed initialization of buffer pool
2024-11-13 14:00:13 0 [Note] InnoDB: 128 out of 128 rollback segments are active.
2024-11-13 14:00:13 0 [Note] InnoDB: Creating shared tablespace for temporary tables
2024-11-13 14:00:13 0 [Note] InnoDB: Setting file 'C:\xampp\mysql\data\ibtmp1' size to 12 MB. Physically writing the file full; Please wait ...
2024-11-13 14:00:13 0 [Note] InnoDB: File 'C:\xampp\mysql\data\ibtmp1' size is now 12 MB.
2024-11-13 14:00:13 0 [Note] InnoDB: Waiting for purge to start
2024-11-13 14:00:13 0 [Note] InnoDB: 10.4.32 started; log sequence number 94010; transaction id 60
2024-11-13 14:00:13 0 [Note] InnoDB: Loading buffer pool(s) from C:\xampp\mysql\data\ib_buffer_pool
2024-11-13 14:00:13 0 [Note] Plugin 'FEEDBACK' is disabled.
2024-11-13 14:00:13 0 [Note] Server socket created on IP: '::'.
2024-11-13 14:00:13 0 [Note] InnoDB: Buffer pool(s) load completed at 241113 14:00:13
2024-11-13 14:00:13 6 [Warning] Failed to load slave replication state from table mysql.gtid_slave_pos: 1932: Table 'mysql.gtid_slave_pos' doesn't exist in engine
2024-11-13 14:00:13 0 [Note] Reading of all Master_info entries succeeded
2024-11-13 14:00:13 0 [Note] Added new Master_info '' to hash table
2024-11-13 14:00:13 0 [Note] C:\xampp\mysql\bin\mysqld.exe: ready for connections.
Version: '10.4.32-MariaDB'  socket: ''  port: 3306  mariadb.org binary distribution
2024-11-17 17:20:23 0 [Note] C:\xampp\mysql\bin\mysqld.exe (initiated by: unknown): Normal shutdown
2024-11-17 17:20:23 0 [Note] Event Scheduler: Purging the queue. 0 events
2024-11-17 17:20:23 0 [Note] InnoDB: FTS optimize thread exiting.
2024-11-17 17:20:23 0 [Note] InnoDB: Starting shutdown...
2024-11-17 17:20:23 0 [Note] InnoDB: Dumping buffer pool(s) to C:\xampp\mysql\data\ib_buffer_pool
2024-11-17 17:20:23 0 [Note] InnoDB: Instance 0, restricted to 250 pages due to innodb_buf_pool_dump_pct=25
2024-11-17 17:20:23 0 [Note] InnoDB: Buffer pool(s) dump completed at 241117 17:20:23
2024-11-17 17:20:24 0 [Note] InnoDB: Removed temporary tablespace data file: "ibtmp1"
2024-11-17 17:20:24 0 [Note] InnoDB: Shutdown completed; log sequence number 94019; transaction id 60
2024-11-17 17:20:24 0 [Note] C:\xampp\mysql\bin\mysqld.exe: Shutdown complete

2024-11-17 17:20:52 0 [Note] Starting MariaDB 10.4.32-MariaDB source revision c4143f909528e3fab0677a28631d10389354c491 as process 6060
2024-11-17 17:20:52 0 [Note] InnoDB: Mutexes and rw_locks use Windows interlocked functions
2024-11-17 17:20:52 0 [Note] InnoDB: Uses event mutexes
2024-11-17 17:20:52 0 [Note] InnoDB: Compressed tables use zlib 1.3
2024-11-17 17:20:52 0 [Note] InnoDB: Number of pools: 1
2024-11-17 17:20:52 0 [Note] InnoDB: Using SSE2 crc32 instructions
2024-11-17 17:20:52 0 [Note] InnoDB: Initializing buffer pool, total size = 16M, instances = 1, chunk size = 16M
2024-11-17 17:20:52 0 [Note] InnoDB: Completed initialization of buffer pool
2024-11-17 17:20:52 0 [Note] InnoDB: 128 out of 128 rollback segments are active.
2024-11-17 17:20:52 0 [Note] InnoDB: Creating shared tablespace for temporary tables
2024-11-17 17:20:52 0 [Note] InnoDB: Setting file 'C:\xampp\mysql\data\ibtmp1' size to 12 MB. Physically writing the file full; Please wait ...
2024-11-17 17:20:52 0 [Note] InnoDB: File 'C:\xampp\mysql\data\ibtmp1' size is now 12 MB.
2024-11-17 17:20:52 0 [Note] InnoDB: Waiting for purge to start
2024-11-17 17:20:52 0 [Note] InnoDB: 10.4.32 started; log sequence number 94019; transaction id 60
2024-11-17 17:20:52 0 [Note] InnoDB: Loading buffer pool(s) from C:\xampp\mysql\data\ib_buffer_pool
2024-11-17 17:20:52 0 [Note] Plugin 'FEEDBACK' is disabled.
2024-11-17 17:20:52 0 [Note] InnoDB: Buffer pool(s) load completed at 241117 17:20:52
2024-11-17 17:20:52 0 [Note] Server socket created on IP: '::'.
2024-11-17 17:20:52 6 [Warning] Failed to load slave replication state from table mysql.gtid_slave_pos: 1932: Table 'mysql.gtid_slave_pos' doesn't exist in engine
2024-11-17 17:20:52 0 [Note] Reading of all Master_info entries succeeded
2024-11-17 17:20:52 0 [Note] Added new Master_info '' to hash table
2024-11-17 17:20:52 0 [Note] C:\xampp\mysql\bin\mysqld.exe: ready for connections.
Version: '10.4.32-MariaDB'  socket: ''  port: 3306  mariadb.org binary distribution
2024-11-17 17:21:15 0 [Note] C:\xampp\mysql\bin\mysqld.exe (initiated by: unknown): Normal shutdown
2024-11-17 17:21:15 0 [Note] Event Scheduler: Purging the queue. 0 events
2024-11-17 17:21:15 0 [Note] InnoDB: FTS optimize thread exiting.
2024-11-17 17:21:15 0 [Note] InnoDB: Starting shutdown...
2024-11-17 17:21:15 0 [Note] InnoDB: Dumping buffer pool(s) to C:\xampp\mysql\data\ib_buffer_pool
2024-11-17 17:21:15 0 [Note] InnoDB: Instance 0, restricted to 250 pages due to innodb_buf_pool_dump_pct=25
2024-11-17 17:21:15 0 [Note] InnoDB: Buffer pool(s) dump completed at 241117 17:21:15
2024-11-17 17:21:16 0 [Note] InnoDB: Removed temporary tablespace data file: "ibtmp1"
2024-11-17 17:21:16 0 [Note] InnoDB: Shutdown completed; log sequence number 94028; transaction id 60
2024-11-17 17:21:16 0 [Note] C:\xampp\mysql\bin\mysqld.exe: Shutdown complete

2024-11-17 17:21:41 0 [Note] Starting MariaDB 10.4.32-MariaDB source revision c4143f909528e3fab0677a28631d10389354c491 as process 5828
2024-11-17 17:21:41 0 [Note] InnoDB: Mutexes and rw_locks use Windows interlocked functions
2024-11-17 17:21:41 0 [Note] InnoDB: Uses event mutexes
2024-11-17 17:21:41 0 [Note] InnoDB: Compressed tables use zlib 1.3
2024-11-17 17:21:41 0 [Note] InnoDB: Number of pools: 1
2024-11-17 17:21:41 0 [Note] InnoDB: Using SSE2 crc32 instructions
2024-11-17 17:21:41 0 [Note] InnoDB: Initializing buffer pool, total size = 16M, instances = 1, chunk size = 16M
2024-11-17 17:21:41 0 [Note] InnoDB: Completed initialization of buffer pool
2024-11-17 17:21:41 0 [Note] InnoDB: 128 out of 128 rollback segments are active.
2024-11-17 17:21:41 0 [Note] InnoDB: Creating shared tablespace for temporary tables
2024-11-17 17:21:41 0 [Note] InnoDB: Setting file 'C:\xampp\mysql\data\ibtmp1' size to 12 MB. Physically writing the file full; Please wait ...
2024-11-17 17:21:41 0 [Note] InnoDB: File 'C:\xampp\mysql\data\ibtmp1' size is now 12 MB.
2024-11-17 17:21:41 0 [Note] InnoDB: Waiting for purge to start
2024-11-17 17:21:41 0 [Note] InnoDB: 10.4.32 started; log sequence number 94028; transaction id 60
2024-11-17 17:21:41 0 [Note] InnoDB: Loading buffer pool(s) from C:\xampp\mysql\data\ib_buffer_pool
2024-11-17 17:21:41 0 [Note] Plugin 'FEEDBACK' is disabled.
2024-11-17 17:21:41 0 [Note] InnoDB: Buffer pool(s) load completed at 241117 17:21:41
2024-11-17 17:21:41 0 [Note] Server socket created on IP: '::'.
2024-11-17 17:21:41 6 [Warning] Failed to load slave replication state from table mysql.gtid_slave_pos: 1932: Table 'mysql.gtid_slave_pos' doesn't exist in engine
2024-11-17 17:21:41 0 [Note] Reading of all Master_info entries succeeded
2024-11-17 17:21:41 0 [Note] Added new Master_info '' to hash table
2024-11-17 17:21:41 0 [Note] C:\xampp\mysql\bin\mysqld.exe: ready for connections.
Version: '10.4.32-MariaDB'  socket: ''  port: 3306  mariadb.org binary distribution
2024-11-17 17:21:56 0 [Note] C:\xampp\mysql\bin\mysqld.exe (initiated by: unknown): Normal shutdown
2024-11-17 17:21:56 0 [Note] Event Scheduler: Purging the queue. 0 events
2024-11-17 17:21:56 0 [Note] InnoDB: FTS optimize thread exiting.
2024-11-17 17:21:56 0 [Note] InnoDB: Starting shutdown...
2024-11-17 17:21:56 0 [Note] InnoDB: Dumping buffer pool(s) to C:\xampp\mysql\data\ib_buffer_pool
2024-11-17 17:21:56 0 [Note] InnoDB: Instance 0, restricted to 250 pages due to innodb_buf_pool_dump_pct=25
2024-11-17 17:21:56 0 [Note] InnoDB: Buffer pool(s) dump completed at 241117 17:21:56
2024-11-17 17:21:57 0 [Note] InnoDB: Removed temporary tablespace data file: "ibtmp1"
2024-11-17 17:21:57 0 [Note] InnoDB: Shutdown completed; log sequence number 94037; transaction id 60
2024-11-17 17:21:57 0 [Note] C:\xampp\mysql\bin\mysqld.exe: Shutdown complete

2024-11-17 17:22:26 0 [Note] Starting MariaDB 10.4.32-MariaDB source revision c4143f909528e3fab0677a28631d10389354c491 as process 6412
2024-11-17 17:22:26 0 [Note] InnoDB: Mutexes and rw_locks use Windows interlocked functions
2024-11-17 17:22:26 0 [Note] InnoDB: Uses event mutexes
2024-11-17 17:22:26 0 [Note] InnoDB: Compressed tables use zlib 1.3
2024-11-17 17:22:26 0 [Note] InnoDB: Number of pools: 1
2024-11-17 17:22:26 0 [Note] InnoDB: Using SSE2 crc32 instructions
2024-11-17 17:22:26 0 [Note] InnoDB: Initializing buffer pool, total size = 16M, instances = 1, chunk size = 16M
2024-11-17 17:22:26 0 [Note] InnoDB: Completed initialization of buffer pool
2024-11-17 17:22:26 0 [Note] InnoDB: 128 out of 128 rollback segments are active.
2024-11-17 17:22:26 0 [Note] InnoDB: Creating shared tablespace for temporary tables
2024-11-17 17:22:26 0 [Note] InnoDB: Setting file 'C:\xampp\mysql\data\ibtmp1' size to 12 MB. Physically writing the file full; Please wait ...
2024-11-17 17:22:26 0 [Note] InnoDB: File 'C:\xampp\mysql\data\ibtmp1' size is now 12 MB.
2024-11-17 17:22:26 0 [Note] InnoDB: Waiting for purge to start
2024-11-17 17:22:26 0 [Note] InnoDB: 10.4.32 started; log sequence number 94037; transaction id 60
2024-11-17 17:22:26 0 [Note] InnoDB: Loading buffer pool(s) from C:\xampp\mysql\data\ib_buffer_pool
2024-11-17 17:22:26 0 [Note] Plugin 'FEEDBACK' is disabled.
2024-11-17 17:22:26 0 [Note] InnoDB: Buffer pool(s) load completed at 241117 17:22:26
2024-11-17 17:22:26 0 [Note] Server socket created on IP: '::'.
2024-11-17 17:22:27 6 [Warning] Failed to load slave replication state from table mysql.gtid_slave_pos: 1932: Table 'mysql.gtid_slave_pos' doesn't exist in engine
2024-11-17 17:22:27 0 [Note] Reading of all Master_info entries succeeded
2024-11-17 17:22:27 0 [Note] Added new Master_info '' to hash table
2024-11-17 17:22:27 0 [Note] C:\xampp\mysql\bin\mysqld.exe: ready for connections.
Version: '10.4.32-MariaDB'  socket: ''  port: 3306  mariadb.org binary distribution
2024-11-23 20:38:20 0 [Note] Starting MariaDB 10.4.32-MariaDB source revision c4143f909528e3fab0677a28631d10389354c491 as process 1884
2024-11-23 20:38:20 0 [Note] InnoDB: Mutexes and rw_locks use Windows interlocked functions
2024-11-23 20:38:20 0 [Note] InnoDB: Uses event mutexes
2024-11-23 20:38:20 0 [Note] InnoDB: Compressed tables use zlib 1.3
2024-11-23 20:38:20 0 [Note] InnoDB: Number of pools: 1
2024-11-23 20:38:20 0 [Note] InnoDB: Using SSE2 crc32 instructions
2024-11-23 20:38:20 0 [Note] InnoDB: Initializing buffer pool, total size = 16M, instances = 1, chunk size = 16M
2024-11-23 20:38:20 0 [Note] InnoDB: Completed initialization of buffer pool
2024-11-23 20:38:20 0 [Note] InnoDB: Starting crash recovery from checkpoint LSN=94037
2024-11-23 20:38:20 0 [Note] InnoDB: 128 out of 128 rollback segments are active.
2024-11-23 20:38:20 0 [Note] InnoDB: Removed temporary tablespace data file: "ibtmp1"
2024-11-23 20:38:20 0 [Note] InnoDB: Creating shared tablespace for temporary tables
2024-11-23 20:38:20 0 [Note] InnoDB: Setting file 'C:\xampp\mysql\data\ibtmp1' size to 12 MB. Physically writing the file full; Please wait ...
2024-11-23 20:38:20 0 [Note] InnoDB: File 'C:\xampp\mysql\data\ibtmp1' size is now 12 MB.
2024-11-23 20:38:20 0 [Note] InnoDB: Waiting for purge to start
2024-11-23 20:38:20 0 [Note] InnoDB: 10.4.32 started; log sequence number 94046; transaction id 60
2024-11-23 20:38:20 0 [Note] InnoDB: Loading buffer pool(s) from C:\xampp\mysql\data\ib_buffer_pool
2024-11-23 20:38:20 0 [Note] Plugin 'FEEDBACK' is disabled.
2024-11-23 20:38:20 0 [Note] InnoDB: Buffer pool(s) load completed at 241123 20:38:20
C:\xampp\mysql\bin\mysqld.exe: Too many arguments (first extra is 'mysql').
2024-11-23 20:38:20 0 [ERROR] Aborting
2024-11-23 20:38:52 0 [Note] Starting MariaDB 10.4.32-MariaDB source revision c4143f909528e3fab0677a28631d10389354c491 as process 5940
2024-11-23 20:38:52 0 [Note] InnoDB: Mutexes and rw_locks use Windows interlocked functions
2024-11-23 20:38:52 0 [Note] InnoDB: Uses event mutexes
2024-11-23 20:38:52 0 [Note] InnoDB: Compressed tables use zlib 1.3
2024-11-23 20:38:52 0 [Note] InnoDB: Number of pools: 1
2024-11-23 20:38:52 0 [Note] InnoDB: Using SSE2 crc32 instructions
2024-11-23 20:38:52 0 [Note] InnoDB: Initializing buffer pool, total size = 16M, instances = 1, chunk size = 16M
2024-11-23 20:38:52 0 [Note] InnoDB: Completed initialization of buffer pool
2024-11-23 20:38:52 0 [Note] InnoDB: 128 out of 128 rollback segments are active.
2024-11-23 20:38:52 0 [Note] InnoDB: Creating shared tablespace for temporary tables
2024-11-23 20:38:52 0 [Note] InnoDB: Setting file 'C:\xampp\mysql\data\ibtmp1' size to 12 MB. Physically writing the file full; Please wait ...
2024-11-23 20:38:52 0 [Note] InnoDB: File 'C:\xampp\mysql\data\ibtmp1' size is now 12 MB.
2024-11-23 20:38:52 0 [Note] InnoDB: Waiting for purge to start
2024-11-23 20:38:52 0 [Note] InnoDB: 10.4.32 started; log sequence number 94055; transaction id 60
2024-11-23 20:38:52 0 [Note] InnoDB: Loading buffer pool(s) from C:\xampp\mysql\data\ib_buffer_pool
2024-11-23 20:38:52 0 [Note] Plugin 'FEEDBACK' is disabled.
2024-11-23 20:38:52 0 [Note] Server socket created on IP: '::'.
2024-11-23 20:38:52 0 [Note] InnoDB: Buffer pool(s) load completed at 241123 20:38:52
2024-11-23 20:38:52 6 [Warning] Failed to load slave replication state from table mysql.gtid_slave_pos: 1932: Table 'mysql.gtid_slave_pos' doesn't exist in engine
2024-11-23 20:38:52 0 [Note] Reading of all Master_info entries succeeded
2024-11-23 20:38:52 0 [Note] Added new Master_info '' to hash table
2024-11-23 20:38:52 0 [Note] C:\xampp\mysql\bin\mysqld.exe: ready for connections.
Version: '10.4.32-MariaDB'  socket: ''  port: 3306  mariadb.org binary distribution
2024-12-15 15:07:18 0 [Note] Starting MariaDB 10.4.32-MariaDB source revision c4143f909528e3fab0677a28631d10389354c491 as process 6068
2024-12-15 15:07:18 0 [Note] InnoDB: Mutexes and rw_locks use Windows interlocked functions
2024-12-15 15:07:18 0 [Note] InnoDB: Uses event mutexes
2024-12-15 15:07:18 0 [Note] InnoDB: Compressed tables use zlib 1.3
2024-12-15 15:07:18 0 [Note] InnoDB: Number of pools: 1
2024-12-15 15:07:18 0 [Note] InnoDB: Using SSE2 crc32 instructions
2024-12-15 15:07:18 0 [Note] InnoDB: Initializing buffer pool, total size = 16M, instances = 1, chunk size = 16M
2024-12-15 15:07:18 0 [Note] InnoDB: Completed initialization of buffer pool
2024-12-15 15:07:18 0 [Note] InnoDB: Starting crash recovery from checkpoint LSN=94055
2024-12-15 15:07:18 0 [Note] InnoDB: 128 out of 128 rollback segments are active.
2024-12-15 15:07:18 0 [Note] InnoDB: Removed temporary tablespace data file: "ibtmp1"
2024-12-15 15:07:18 0 [Note] InnoDB: Creating shared tablespace for temporary tables
2024-12-15 15:07:18 0 [Note] InnoDB: Setting file 'C:\xampp\mysql\data\ibtmp1' size to 12 MB. Physically writing the file full; Please wait ...
2024-12-15 15:07:18 0 [Note] InnoDB: File 'C:\xampp\mysql\data\ibtmp1' size is now 12 MB.
2024-12-15 15:07:18 0 [Note] InnoDB: Waiting for purge to start
2024-12-15 15:07:19 0 [Note] InnoDB: 10.4.32 started; log sequence number 94064; transaction id 60
2024-12-15 15:07:19 0 [Note] Plugin 'FEEDBACK' is disabled.
2024-12-15 15:07:19 0 [Note] InnoDB: Loading buffer pool(s) from C:\xampp\mysql\data\ib_buffer_pool
2024-12-15 15:07:19 0 [Note] Server socket created on IP: '::'.
2024-12-15 15:07:19 0 [Note] InnoDB: Buffer pool(s) load completed at 241215 15:07:19
2024-12-15 15:07:19 6 [Warning] Failed to load slave replication state from table mysql.gtid_slave_pos: 1932: Table 'mysql.gtid_slave_pos' doesn't exist in engine
2024-12-15 15:07:19 0 [Note] Reading of all Master_info entries succeeded
2024-12-15 15:07:19 0 [Note] Added new Master_info '' to hash table
2024-12-15 15:07:19 0 [Note] C:\xampp\mysql\bin\mysqld.exe: ready for connections.
Version: '10.4.32-MariaDB'  socket: ''  port: 3306  mariadb.org binary distribution
2024-12-15 15:07:19 0 [Note] C:\xampp\mysql\bin\mysqld.exe (initiated by: unknown): Normal shutdown
2024-12-15 15:07:19 0 [Note] Event Scheduler: Purging the queue. 0 events
2024-12-15 15:07:19 0 [Note] InnoDB: FTS optimize thread exiting.
2024-12-15 15:07:19 0 [Note] InnoDB: Starting shutdown...
2024-12-15 15:07:19 0 [Note] InnoDB: Dumping buffer pool(s) to C:\xampp\mysql\data\ib_buffer_pool
2024-12-15 15:07:19 0 [Note] InnoDB: Instance 0, restricted to 250 pages due to innodb_buf_pool_dump_pct=25
2024-12-15 15:07:19 0 [Note] InnoDB: Buffer pool(s) dump completed at 241215 15:07:19
2024-12-15 15:07:20 0 [Note] InnoDB: Removed temporary tablespace data file: "ibtmp1"
2024-12-15 15:07:20 0 [Note] InnoDB: Shutdown completed; log sequence number 94073; transaction id 60
2024-12-15 15:07:20 0 [Note] C:\xampp\mysql\bin\mysqld.exe: Shutdown complete

2024-12-15 15:07:48 0 [Note] Starting MariaDB 10.4.32-MariaDB source revision c4143f909528e3fab0677a28631d10389354c491 as process 5448
2024-12-15 15:07:48 0 [Note] InnoDB: Mutexes and rw_locks use Windows interlocked functions
2024-12-15 15:07:48 0 [Note] InnoDB: Uses event mutexes
2024-12-15 15:07:48 0 [Note] InnoDB: Compressed tables use zlib 1.3
2024-12-15 15:07:48 0 [Note] InnoDB: Number of pools: 1
2024-12-15 15:07:48 0 [Note] InnoDB: Using SSE2 crc32 instructions
2024-12-15 15:07:48 0 [Note] InnoDB: Initializing buffer pool, total size = 16M, instances = 1, chunk size = 16M
2024-12-15 15:07:48 0 [Note] InnoDB: Completed initialization of buffer pool
2024-12-15 15:07:48 0 [Note] InnoDB: 128 out of 128 rollback segments are active.
2024-12-15 15:07:48 0 [Note] InnoDB: Creating shared tablespace for temporary tables
2024-12-15 15:07:48 0 [Note] InnoDB: Setting file 'C:\xampp\mysql\data\ibtmp1' size to 12 MB. Physically writing the file full; Please wait ...
2024-12-15 15:07:48 0 [Note] InnoDB: File 'C:\xampp\mysql\data\ibtmp1' size is now 12 MB.
2024-12-15 15:07:48 0 [Note] InnoDB: Waiting for purge to start
2024-12-15 15:07:48 0 [Note] InnoDB: 10.4.32 started; log sequence number 94073; transaction id 60
2024-12-15 15:07:48 0 [Note] InnoDB: Loading buffer pool(s) from C:\xampp\mysql\data\ib_buffer_pool
2024-12-15 15:07:48 0 [Note] Plugin 'FEEDBACK' is disabled.
2024-12-15 15:07:48 0 [Note] InnoDB: Buffer pool(s) load completed at 241215 15:07:48
2024-12-15 15:07:48 0 [Note] Server socket created on IP: '::'.
2024-12-15 15:07:48 6 [Warning] Failed to load slave replication state from table mysql.gtid_slave_pos: 1932: Table 'mysql.gtid_slave_pos' doesn't exist in engine
2024-12-15 15:07:48 0 [Note] Reading of all Master_info entries succeeded
2024-12-15 15:07:48 0 [Note] Added new Master_info '' to hash table
2024-12-15 15:07:48 0 [Note] C:\xampp\mysql\bin\mysqld.exe: ready for connections.
Version: '10.4.32-MariaDB'  socket: ''  port: 3306  mariadb.org binary distribution
2024-12-15 23:34:21 31 [ERROR] InnoDB: Table `mysql`.`innodb_table_stats` not found.
2024-12-17 20:18:24 158 [Note] InnoDB: Recalculation of persistent statistics requested for table `studenti`.`voto` index `id_stud` but the required persistent statistics storage is not present or is corrupted. Using transient stats instead.
2024-12-17 21:57:45 0 [Note] C:\xampp\mysql\bin\mysqld.exe (initiated by: unknown): Normal shutdown
2024-12-17 21:57:45 0 [Note] Event Scheduler: Purging the queue. 0 events
2024-12-17 21:57:45 0 [Note] InnoDB: FTS optimize thread exiting.
2024-12-17 21:57:45 0 [Note] InnoDB: Starting shutdown...
2024-12-17 21:57:45 0 [Note] InnoDB: Dumping buffer pool(s) to C:\xampp\mysql\data\ib_buffer_pool
2024-12-17 21:57:45 0 [Note] InnoDB: Instance 0, restricted to 250 pages due to innodb_buf_pool_dump_pct=25
2024-12-17 21:57:45 0 [Note] InnoDB: Buffer pool(s) dump completed at 241217 21:57:45
2024-12-17 21:57:47 0 [Note] InnoDB: Removed temporary tablespace data file: "ibtmp1"
2024-12-17 21:57:47 0 [Note] InnoDB: Shutdown completed; log sequence number 142348; transaction id 134
2024-12-17 21:57:47 0 [Note] C:\xampp\mysql\bin\mysqld.exe: Shutdown complete

2024-12-17 22:28:59 0 [Note] Starting MariaDB 10.4.32-MariaDB source revision c4143f909528e3fab0677a28631d10389354c491 as process 22556
2024-12-17 22:28:59 0 [Note] InnoDB: Mutexes and rw_locks use Windows interlocked functions
2024-12-17 22:28:59 0 [Note] InnoDB: Uses event mutexes
2024-12-17 22:28:59 0 [Note] InnoDB: Compressed tables use zlib 1.3
2024-12-17 22:28:59 0 [Note] InnoDB: Number of pools: 1
2024-12-17 22:28:59 0 [Note] InnoDB: Using SSE2 crc32 instructions
2024-12-17 22:28:59 0 [Note] InnoDB: Initializing buffer pool, total size = 16M, instances = 1, chunk size = 16M
2024-12-17 22:28:59 0 [Note] InnoDB: Completed initialization of buffer pool
2024-12-17 22:28:59 0 [Note] InnoDB: 128 out of 128 rollback segments are active.
2024-12-17 22:28:59 0 [Note] InnoDB: Creating shared tablespace for temporary tables
2024-12-17 22:28:59 0 [Note] InnoDB: Setting file 'C:\xampp\mysql\data\ibtmp1' size to 12 MB. Physically writing the file full; Please wait ...
2024-12-17 22:28:59 0 [Note] InnoDB: File 'C:\xampp\mysql\data\ibtmp1' size is now 12 MB.
2024-12-17 22:28:59 0 [Note] InnoDB: Waiting for purge to start
2024-12-17 22:29:00 0 [Note] InnoDB: 10.4.32 started; log sequence number 142348; transaction id 135
2024-12-17 22:29:00 0 [Note] InnoDB: Loading buffer pool(s) from C:\xampp\mysql\data\ib_buffer_pool
2024-12-17 22:29:00 0 [Note] Plugin 'FEEDBACK' is disabled.
2024-12-17 22:29:00 0 [Note] InnoDB: Buffer pool(s) load completed at 241217 22:29:00
2024-12-17 22:29:00 0 [Note] Server socket created on IP: '::'.
2024-12-17 22:29:00 6 [Warning] Failed to load slave replication state from table mysql.gtid_slave_pos: 1932: Table 'mysql.gtid_slave_pos' doesn't exist in engine
2024-12-17 22:29:00 0 [Note] Reading of all Master_info entries succeeded
2024-12-17 22:29:00 0 [Note] Added new Master_info '' to hash table
2024-12-17 22:29:00 0 [Note] C:\xampp\mysql\bin\mysqld.exe: ready for connections.
Version: '10.4.32-MariaDB'  socket: ''  port: 3306  mariadb.org binary distribution
2024-12-17 22:29:23 21 [ERROR] InnoDB: Table `mysql`.`innodb_table_stats` not found.
2024-12-19 20:41:21 0 [Note] Starting MariaDB 10.4.32-MariaDB source revision c4143f909528e3fab0677a28631d10389354c491 as process 6396
2024-12-19 20:41:21 0 [Note] InnoDB: Mutexes and rw_locks use Windows interlocked functions
2024-12-19 20:41:21 0 [Note] InnoDB: Uses event mutexes
2024-12-19 20:41:21 0 [Note] InnoDB: Compressed tables use zlib 1.3
2024-12-19 20:41:21 0 [Note] InnoDB: Number of pools: 1
2024-12-19 20:41:21 0 [Note] InnoDB: Using SSE2 crc32 instructions
2024-12-19 20:41:21 0 [Note] InnoDB: Initializing buffer pool, total size = 16M, instances = 1, chunk size = 16M
2024-12-19 20:41:21 0 [Note] InnoDB: Completed initialization of buffer pool
2024-12-19 20:41:21 0 [Note] InnoDB: Starting crash recovery from checkpoint LSN=179506
2024-12-19 20:41:22 0 [Note] InnoDB: 128 out of 128 rollback segments are active.
2024-12-19 20:41:22 0 [Note] InnoDB: Removed temporary tablespace data file: "ibtmp1"
2024-12-19 20:41:22 0 [Note] InnoDB: Creating shared tablespace for temporary tables
2024-12-19 20:41:22 0 [Note] InnoDB: Setting file 'C:\xampp\mysql\data\ibtmp1' size to 12 MB. Physically writing the file full; Please wait ...
2024-12-19 20:41:22 0 [Note] InnoDB: File 'C:\xampp\mysql\data\ibtmp1' size is now 12 MB.
2024-12-19 20:41:22 0 [Note] InnoDB: Waiting for purge to start
2024-12-19 20:41:22 0 [Note] InnoDB: 10.4.32 started; log sequence number 179515; transaction id 245
2024-12-19 20:41:22 0 [Note] InnoDB: Loading buffer pool(s) from C:\xampp\mysql\data\ib_buffer_pool
2024-12-19 20:41:22 0 [Note] Plugin 'FEEDBACK' is disabled.
2024-12-19 20:41:22 0 [Note] InnoDB: Buffer pool(s) load completed at 241219 20:41:22
2024-12-19 20:41:22 0 [Note] Server socket created on IP: '::'.
2024-12-19 20:41:22 6 [Warning] Failed to load slave replication state from table mysql.gtid_slave_pos: 1932: Table 'mysql.gtid_slave_pos' doesn't exist in engine
2024-12-19 20:41:22 0 [Note] Reading of all Master_info entries succeeded
2024-12-19 20:41:22 0 [Note] Added new Master_info '' to hash table
2024-12-19 20:41:22 0 [Note] C:\xampp\mysql\bin\mysqld.exe: ready for connections.
Version: '10.4.32-MariaDB'  socket: ''  port: 3306  mariadb.org binary distribution
2024-12-20 18:20:52 0 [Note] C:\xampp\mysql\bin\mysqld.exe (initiated by: unknown): Normal shutdown
2024-12-20 18:20:52 0 [Note] Event Scheduler: Purging the queue. 0 events
2024-12-20 18:20:52 0 [Note] InnoDB: FTS optimize thread exiting.
2024-12-20 18:20:52 0 [Note] InnoDB: Starting shutdown...
2024-12-20 18:20:52 0 [Note] InnoDB: Dumping buffer pool(s) to C:\xampp\mysql\data\ib_buffer_pool
2024-12-20 18:20:52 0 [Note] InnoDB: Instance 0, restricted to 250 pages due to innodb_buf_pool_dump_pct=25
2024-12-20 18:20:52 0 [Note] InnoDB: Buffer pool(s) dump completed at 241220 18:20:52
2024-12-20 18:20:52 0 [Note] InnoDB: Removed temporary tablespace data file: "ibtmp1"
2024-12-20 18:20:52 0 [Note] InnoDB: Shutdown completed; log sequence number 179533; transaction id 245
2024-12-20 18:20:52 0 [Note] C:\xampp\mysql\bin\mysqld.exe: Shutdown complete

2024-12-20 18:25:35 0 [Note] Starting MariaDB 10.4.32-MariaDB source revision c4143f909528e3fab0677a28631d10389354c491 as process 6368
2024-12-20 18:25:35 0 [Note] InnoDB: Mutexes and rw_locks use Windows interlocked functions
2024-12-20 18:25:35 0 [Note] InnoDB: Uses event mutexes
2024-12-20 18:25:35 0 [Note] InnoDB: Compressed tables use zlib 1.3
2024-12-20 18:25:35 0 [Note] InnoDB: Number of pools: 1
2024-12-20 18:25:35 0 [Note] InnoDB: Using SSE2 crc32 instructions
2024-12-20 18:25:35 0 [Note] InnoDB: Initializing buffer pool, total size = 16M, instances = 1, chunk size = 16M
2024-12-20 18:25:35 0 [Note] InnoDB: Completed initialization of buffer pool
2024-12-20 18:25:35 0 [Note] InnoDB: 128 out of 128 rollback segments are active.
2024-12-20 18:25:35 0 [Note] InnoDB: Creating shared tablespace for temporary tables
2024-12-20 18:25:35 0 [Note] InnoDB: Setting file 'C:\xampp\mysql\data\ibtmp1' size to 12 MB. Physically writing the file full; Please wait ...
2024-12-20 18:25:35 0 [Note] InnoDB: File 'C:\xampp\mysql\data\ibtmp1' size is now 12 MB.
2024-12-20 18:25:35 0 [Note] InnoDB: Waiting for purge to start
2024-12-20 18:25:35 0 [Note] InnoDB: 10.4.32 started; log sequence number 179533; transaction id 245
2024-12-20 18:25:35 0 [Note] InnoDB: Loading buffer pool(s) from C:\xampp\mysql\data\ib_buffer_pool
2024-12-20 18:25:35 0 [Note] Plugin 'FEEDBACK' is disabled.
2024-12-20 18:25:35 0 [Note] Server socket created on IP: '::'.
2024-12-20 18:25:35 0 [Note] InnoDB: Buffer pool(s) load completed at 241220 18:25:35
2024-12-20 18:25:35 6 [Warning] Failed to load slave replication state from table mysql.gtid_slave_pos: 1932: Table 'mysql.gtid_slave_pos' doesn't exist in engine
2024-12-20 18:25:35 0 [Note] Reading of all Master_info entries succeeded
2024-12-20 18:25:35 0 [Note] Added new Master_info '' to hash table
2024-12-20 18:25:35 0 [Note] C:\xampp\mysql\bin\mysqld.exe: ready for connections.
Version: '10.4.32-MariaDB'  socket: ''  port: 3306  mariadb.org binary distribution
2025-01-07 17:47:41 0 [Note] C:\xampp\mysql\bin\mysqld.exe (initiated by: unknown): Normal shutdown
2025-01-07 17:47:41 0 [Note] Event Scheduler: Purging the queue. 0 events
2025-01-07 17:47:41 0 [Note] InnoDB: FTS optimize thread exiting.
2025-01-07 17:47:41 0 [Note] InnoDB: Starting shutdown...
2025-01-07 17:47:41 0 [Note] InnoDB: Dumping buffer pool(s) to C:\xampp\mysql\data\ib_buffer_pool
2025-01-07 17:47:41 0 [Note] InnoDB: Instance 0, restricted to 250 pages due to innodb_buf_pool_dump_pct=25
2025-01-07 17:47:41 0 [Note] InnoDB: Buffer pool(s) dump completed at 250107 17:47:41
2025-01-07 17:47:42 0 [Note] InnoDB: Removed temporary tablespace data file: "ibtmp1"
2025-01-07 17:47:42 0 [Note] InnoDB: Shutdown completed; log sequence number 179542; transaction id 245
2025-01-07 17:47:42 0 [Note] C:\xampp\mysql\bin\mysqld.exe: Shutdown complete

2025-01-07 17:48:17 0 [Note] Starting MariaDB 10.4.32-MariaDB source revision c4143f909528e3fab0677a28631d10389354c491 as process 6516
2025-01-07 17:48:17 0 [Note] InnoDB: Mutexes and rw_locks use Windows interlocked functions
2025-01-07 17:48:17 0 [Note] InnoDB: Uses event mutexes
2025-01-07 17:48:17 0 [Note] InnoDB: Compressed tables use zlib 1.3
2025-01-07 17:48:17 0 [Note] InnoDB: Number of pools: 1
2025-01-07 17:48:17 0 [Note] InnoDB: Using SSE2 crc32 instructions
2025-01-07 17:48:17 0 [Note] InnoDB: Initializing buffer pool, total size = 16M, instances = 1, chunk size = 16M
2025-01-07 17:48:17 0 [Note] InnoDB: Completed initialization of buffer pool
2025-01-07 17:48:17 0 [Note] InnoDB: 128 out of 128 rollback segments are active.
2025-01-07 17:48:17 0 [Note] InnoDB: Creating shared tablespace for temporary tables
2025-01-07 17:48:17 0 [Note] InnoDB: Setting file 'C:\xampp\mysql\data\ibtmp1' size to 12 MB. Physically writing the file full; Please wait ...
2025-01-07 17:48:17 0 [Note] InnoDB: File 'C:\xampp\mysql\data\ibtmp1' size is now 12 MB.
2025-01-07 17:48:17 0 [Note] InnoDB: Waiting for purge to start
2025-01-07 17:48:17 0 [Note] InnoDB: 10.4.32 started; log sequence number 179542; transaction id 245
2025-01-07 17:48:17 0 [Note] Plugin 'FEEDBACK' is disabled.
2025-01-07 17:48:17 0 [Note] Server socket created on IP: '::'.
2025-01-07 17:48:17 0 [Note] InnoDB: Loading buffer pool(s) from C:\xampp\mysql\data\ib_buffer_pool
2025-01-07 17:48:17 0 [Note] InnoDB: Buffer pool(s) load completed at 250107 17:48:17
2025-01-07 17:48:17 6 [Warning] Failed to load slave replication state from table mysql.gtid_slave_pos: 1932: Table 'mysql.gtid_slave_pos' doesn't exist in engine
2025-01-07 17:48:17 0 [Note] Reading of all Master_info entries succeeded
2025-01-07 17:48:17 0 [Note] Added new Master_info '' to hash table
2025-01-07 17:48:17 0 [Note] C:\xampp\mysql\bin\mysqld.exe: ready for connections.
Version: '10.4.32-MariaDB'  socket: ''  port: 3306  mariadb.org binary distribution
2025-01-15 15:34:22 8 [ERROR] InnoDB: Table `mysql`.`innodb_table_stats` not found.
2025-01-18 19:01:47 0 [Note] C:\xampp\mysql\bin\mysqld.exe (initiated by: unknown): Normal shutdown
2025-01-18 19:01:47 0 [Note] Event Scheduler: Purging the queue. 0 events
2025-01-18 19:01:47 0 [Note] InnoDB: FTS optimize thread exiting.
2025-01-18 19:01:47 0 [Note] InnoDB: Starting shutdown...
2025-01-18 19:01:47 0 [Note] InnoDB: Dumping buffer pool(s) to C:\xampp\mysql\data\ib_buffer_pool
2025-01-18 19:01:47 0 [Note] InnoDB: Instance 0, restricted to 250 pages due to innodb_buf_pool_dump_pct=25
2025-01-18 19:01:47 0 [Note] InnoDB: Buffer pool(s) dump completed at 250118 19:01:47
2025-01-18 19:01:48 0 [Note] InnoDB: Removed temporary tablespace data file: "ibtmp1"
2025-01-18 19:01:48 0 [Note] InnoDB: Shutdown completed; log sequence number 196205; transaction id 269
2025-01-18 19:01:48 0 [Note] C:\xampp\mysql\bin\mysqld.exe: Shutdown complete

2025-01-18 19:02:21 0 [Note] Starting MariaDB 10.4.32-MariaDB source revision c4143f909528e3fab0677a28631d10389354c491 as process 1940
2025-01-18 19:02:21 0 [Note] InnoDB: Mutexes and rw_locks use Windows interlocked functions
2025-01-18 19:02:21 0 [Note] InnoDB: Uses event mutexes
2025-01-18 19:02:21 0 [Note] InnoDB: Compressed tables use zlib 1.3
2025-01-18 19:02:21 0 [Note] InnoDB: Number of pools: 1
2025-01-18 19:02:21 0 [Note] InnoDB: Using SSE2 crc32 instructions
2025-01-18 19:02:21 0 [Note] InnoDB: Initializing buffer pool, total size = 16M, instances = 1, chunk size = 16M
2025-01-18 19:02:21 0 [Note] InnoDB: Completed initialization of buffer pool
2025-01-18 19:02:21 0 [Note] InnoDB: 128 out of 128 rollback segments are active.
2025-01-18 19:02:21 0 [Note] InnoDB: Creating shared tablespace for temporary tables
2025-01-18 19:02:21 0 [Note] InnoDB: Setting file 'C:\xampp\mysql\data\ibtmp1' size to 12 MB. Physically writing the file full; Please wait ...
2025-01-18 19:02:21 0 [Note] InnoDB: File 'C:\xampp\mysql\data\ibtmp1' size is now 12 MB.
2025-01-18 19:02:21 0 [Note] InnoDB: Waiting for purge to start
2025-01-18 19:02:21 0 [Note] InnoDB: 10.4.32 started; log sequence number 196205; transaction id 270
2025-01-18 19:02:21 0 [Note] Plugin 'FEEDBACK' is disabled.
2025-01-18 19:02:21 0 [Note] InnoDB: Loading buffer pool(s) from C:\xampp\mysql\data\ib_buffer_pool
2025-01-18 19:02:21 0 [Note] Server socket created on IP: '::'.
2025-01-18 19:02:21 0 [Note] InnoDB: Buffer pool(s) load completed at 250118 19:02:21
2025-01-18 19:02:21 6 [Warning] Failed to load slave replication state from table mysql.gtid_slave_pos: 1932: Table 'mysql.gtid_slave_pos' doesn't exist in engine
2025-01-18 19:02:21 0 [Note] Reading of all Master_info entries succeeded
2025-01-18 19:02:21 0 [Note] Added new Master_info '' to hash table
2025-01-18 19:02:21 0 [Note] C:\xampp\mysql\bin\mysqld.exe: ready for connections.
Version: '10.4.32-MariaDB'  socket: ''  port: 3306  mariadb.org binary distribution
2025-01-18 19:02:51 0 [Note] C:\xampp\mysql\bin\mysqld.exe (initiated by: unknown): Normal shutdown
2025-01-18 19:02:51 0 [Note] Event Scheduler: Purging the queue. 0 events
2025-01-18 19:02:51 0 [Note] InnoDB: FTS optimize thread exiting.
2025-01-18 19:02:51 0 [Note] InnoDB: Starting shutdown...
2025-01-18 19:02:51 0 [Note] InnoDB: Dumping buffer pool(s) to C:\xampp\mysql\data\ib_buffer_pool
2025-01-18 19:02:51 0 [Note] InnoDB: Instance 0, restricted to 250 pages due to innodb_buf_pool_dump_pct=25
2025-01-18 19:02:51 0 [Note] InnoDB: Buffer pool(s) dump completed at 250118 19:02:51
2025-01-18 19:02:52 0 [Note] InnoDB: Removed temporary tablespace data file: "ibtmp1"
2025-01-18 19:02:52 0 [Note] InnoDB: Shutdown completed; log sequence number 196214; transaction id 270
2025-01-18 19:02:52 0 [Note] C:\xampp\mysql\bin\mysqld.exe: Shutdown complete

2025-01-18 19:03:21 0 [Note] Starting MariaDB 10.4.32-MariaDB source revision c4143f909528e3fab0677a28631d10389354c491 as process 6016
2025-01-18 19:03:21 0 [Note] InnoDB: Mutexes and rw_locks use Windows interlocked functions
2025-01-18 19:03:21 0 [Note] InnoDB: Uses event mutexes
2025-01-18 19:03:21 0 [Note] InnoDB: Compressed tables use zlib 1.3
2025-01-18 19:03:21 0 [Note] InnoDB: Number of pools: 1
2025-01-18 19:03:21 0 [Note] InnoDB: Using SSE2 crc32 instructions
2025-01-18 19:03:21 0 [Note] InnoDB: Initializing buffer pool, total size = 16M, instances = 1, chunk size = 16M
2025-01-18 19:03:21 0 [Note] InnoDB: Completed initialization of buffer pool
2025-01-18 19:03:21 0 [Note] InnoDB: 128 out of 128 rollback segments are active.
2025-01-18 19:03:21 0 [Note] InnoDB: Creating shared tablespace for temporary tables
2025-01-18 19:03:21 0 [Note] InnoDB: Setting file 'C:\xampp\mysql\data\ibtmp1' size to 12 MB. Physically writing the file full; Please wait ...
2025-01-18 19:03:21 0 [Note] InnoDB: File 'C:\xampp\mysql\data\ibtmp1' size is now 12 MB.
2025-01-18 19:03:21 0 [Note] InnoDB: Waiting for purge to start
2025-01-18 19:03:22 0 [Note] InnoDB: 10.4.32 started; log sequence number 196214; transaction id 270
2025-01-18 19:03:22 0 [Note] Plugin 'FEEDBACK' is disabled.
2025-01-18 19:03:22 0 [Note] Server socket created on IP: '::'.
2025-01-18 19:03:22 6 [Warning] Failed to load slave replication state from table mysql.gtid_slave_pos: 1932: Table 'mysql.gtid_slave_pos' doesn't exist in engine
2025-01-18 19:03:22 0 [Note] Reading of all Master_info entries succeeded
2025-01-18 19:03:22 0 [Note] Added new Master_info '' to hash table
2025-01-18 19:03:22 0 [Note] C:\xampp\mysql\bin\mysqld.exe: ready for connections.
Version: '10.4.32-MariaDB'  socket: ''  port: 3306  mariadb.org binary distribution
2025-01-18 19:03:22 0 [Note] InnoDB: Loading buffer pool(s) from C:\xampp\mysql\data\ib_buffer_pool
2025-01-18 19:03:22 0 [Note] InnoDB: Buffer pool(s) load completed at 250118 19:03:22
2025-01-20 13:27:39 0 [Note] Starting MariaDB 10.4.32-MariaDB source revision c4143f909528e3fab0677a28631d10389354c491 as process 6904
2025-01-20 13:27:39 0 [Note] InnoDB: Mutexes and rw_locks use Windows interlocked functions
2025-01-20 13:27:39 0 [Note] InnoDB: Uses event mutexes
2025-01-20 13:27:39 0 [Note] InnoDB: Compressed tables use zlib 1.3
2025-01-20 13:27:39 0 [Note] InnoDB: Number of pools: 1
2025-01-20 13:27:39 0 [Note] InnoDB: Using SSE2 crc32 instructions
2025-01-20 13:27:39 0 [Note] InnoDB: Initializing buffer pool, total size = 16M, instances = 1, chunk size = 16M
2025-01-20 13:27:39 0 [Note] InnoDB: Completed initialization of buffer pool
2025-01-20 13:27:39 0 [Note] InnoDB: Starting crash recovery from checkpoint LSN=196214
2025-01-20 13:27:40 0 [Note] InnoDB: 128 out of 128 rollback segments are active.
2025-01-20 13:27:40 0 [Note] InnoDB: Removed temporary tablespace data file: "ibtmp1"
2025-01-20 13:27:40 0 [Note] InnoDB: Creating shared tablespace for temporary tables
2025-01-20 13:27:40 0 [Note] InnoDB: Setting file 'C:\xampp\mysql\data\ibtmp1' size to 12 MB. Physically writing the file full; Please wait ...
2025-01-20 13:27:40 0 [Note] InnoDB: File 'C:\xampp\mysql\data\ibtmp1' size is now 12 MB.
2025-01-20 13:27:40 0 [Note] InnoDB: Waiting for purge to start
2025-01-20 13:27:40 0 [Note] InnoDB: 10.4.32 started; log sequence number 196223; transaction id 270
2025-01-20 13:27:40 0 [Note] Plugin 'FEEDBACK' is disabled.
2025-01-20 13:27:40 0 [Note] InnoDB: Loading buffer pool(s) from C:\xampp\mysql\data\ib_buffer_pool
2025-01-20 13:27:40 0 [Note] Server socket created on IP: '::'.
2025-01-20 13:27:40 0 [Note] InnoDB: Buffer pool(s) load completed at 250120 13:27:40
2025-01-20 13:27:40 6 [Warning] Failed to load slave replication state from table mysql.gtid_slave_pos: 1932: Table 'mysql.gtid_slave_pos' doesn't exist in engine
2025-01-20 13:27:40 0 [Note] Reading of all Master_info entries succeeded
2025-01-20 13:27:40 0 [Note] Added new Master_info '' to hash table
2025-01-20 13:27:40 0 [Note] C:\xampp\mysql\bin\mysqld.exe: ready for connections.
Version: '10.4.32-MariaDB'  socket: ''  port: 3306  mariadb.org binary distribution
2025-01-31 18:02:03 0 [Note] C:\xampp\mysql\bin\mysqld.exe (initiated by: unknown): Normal shutdown
2025-01-31 18:02:03 0 [Note] Event Scheduler: Purging the queue. 0 events
2025-01-31 18:02:03 0 [Note] InnoDB: FTS optimize thread exiting.
2025-01-31 18:02:03 0 [Note] InnoDB: Starting shutdown...
2025-01-31 18:02:03 0 [Note] InnoDB: Dumping buffer pool(s) to C:\xampp\mysql\data\ib_buffer_pool
2025-01-31 18:02:03 0 [Note] InnoDB: Instance 0, restricted to 250 pages due to innodb_buf_pool_dump_pct=25
2025-01-31 18:02:03 0 [Note] InnoDB: Buffer pool(s) dump completed at 250131 18:02:03
2025-01-31 18:02:05 0 [Note] InnoDB: Removed temporary tablespace data file: "ibtmp1"
2025-01-31 18:02:05 0 [Note] InnoDB: Shutdown completed; log sequence number 196241; transaction id 270
2025-01-31 18:02:05 0 [Note] C:\xampp\mysql\bin\mysqld.exe: Shutdown complete

2025-01-31 18:02:37 0 [Note] Starting MariaDB 10.4.32-MariaDB source revision c4143f909528e3fab0677a28631d10389354c491 as process 6556
2025-01-31 18:02:37 0 [Note] InnoDB: Mutexes and rw_locks use Windows interlocked functions
2025-01-31 18:02:37 0 [Note] InnoDB: Uses event mutexes
2025-01-31 18:02:37 0 [Note] InnoDB: Compressed tables use zlib 1.3
2025-01-31 18:02:37 0 [Note] InnoDB: Number of pools: 1
2025-01-31 18:02:37 0 [Note] InnoDB: Using SSE2 crc32 instructions
2025-01-31 18:02:37 0 [Note] InnoDB: Initializing buffer pool, total size = 16M, instances = 1, chunk size = 16M
2025-01-31 18:02:37 0 [Note] InnoDB: Completed initialization of buffer pool
2025-01-31 18:02:37 0 [Note] InnoDB: 128 out of 128 rollback segments are active.
2025-01-31 18:02:37 0 [Note] InnoDB: Creating shared tablespace for temporary tables
2025-01-31 18:02:37 0 [Note] InnoDB: Setting file 'C:\xampp\mysql\data\ibtmp1' size to 12 MB. Physically writing the file full; Please wait ...
2025-01-31 18:02:37 0 [Note] InnoDB: File 'C:\xampp\mysql\data\ibtmp1' size is now 12 MB.
2025-01-31 18:02:37 0 [Note] InnoDB: Waiting for purge to start
2025-01-31 18:02:37 0 [Note] InnoDB: 10.4.32 started; log sequence number 196241; transaction id 270
2025-01-31 18:02:37 0 [Note] InnoDB: Loading buffer pool(s) from C:\xampp\mysql\data\ib_buffer_pool
2025-01-31 18:02:37 0 [Note] Plugin 'FEEDBACK' is disabled.
2025-01-31 18:02:37 0 [Note] InnoDB: Buffer pool(s) load completed at 250131 18:02:37
2025-01-31 18:02:37 0 [Note] Server socket created on IP: '::'.
2025-01-31 18:02:37 6 [Warning] Failed to load slave replication state from table mysql.gtid_slave_pos: 1932: Table 'mysql.gtid_slave_pos' doesn't exist in engine
2025-01-31 18:02:37 0 [Note] Reading of all Master_info entries succeeded
2025-01-31 18:02:37 0 [Note] Added new Master_info '' to hash table
2025-01-31 18:02:37 0 [Note] C:\xampp\mysql\bin\mysqld.exe: ready for connections.
Version: '10.4.32-MariaDB'  socket: ''  port: 3306  mariadb.org binary distribution
2025-02-05 12:17:44 0 [Note] Starting MariaDB 10.4.32-MariaDB source revision c4143f909528e3fab0677a28631d10389354c491 as process 6460
2025-02-05 12:17:44 0 [Note] InnoDB: Mutexes and rw_locks use Windows interlocked functions
2025-02-05 12:17:44 0 [Note] InnoDB: Uses event mutexes
2025-02-05 12:17:44 0 [Note] InnoDB: Compressed tables use zlib 1.3
2025-02-05 12:17:44 0 [Note] InnoDB: Number of pools: 1
2025-02-05 12:17:44 0 [Note] InnoDB: Using SSE2 crc32 instructions
2025-02-05 12:17:44 0 [Note] InnoDB: Initializing buffer pool, total size = 16M, instances = 1, chunk size = 16M
2025-02-05 12:17:44 0 [Note] InnoDB: Completed initialization of buffer pool
2025-02-05 12:17:44 0 [Note] InnoDB: Starting crash recovery from checkpoint LSN=196241
2025-02-05 12:17:44 0 [Note] InnoDB: 128 out of 128 rollback segments are active.
2025-02-05 12:17:44 0 [Note] InnoDB: Removed temporary tablespace data file: "ibtmp1"
2025-02-05 12:17:44 0 [Note] InnoDB: Creating shared tablespace for temporary tables
2025-02-05 12:17:44 0 [Note] InnoDB: Setting file 'C:\xampp\mysql\data\ibtmp1' size to 12 MB. Physically writing the file full; Please wait ...
2025-02-05 12:17:44 0 [Note] InnoDB: File 'C:\xampp\mysql\data\ibtmp1' size is now 12 MB.
2025-02-05 12:17:44 0 [Note] InnoDB: Waiting for purge to start
2025-02-05 12:17:44 0 [Note] InnoDB: 10.4.32 started; log sequence number 196250; transaction id 270
2025-02-05 12:17:44 0 [Note] Plugin 'FEEDBACK' is disabled.
2025-02-05 12:17:44 0 [Note] InnoDB: Loading buffer pool(s) from C:\xampp\mysql\data\ib_buffer_pool
2025-02-05 12:17:44 0 [Note] InnoDB: Buffer pool(s) load completed at 250205 12:17:44
2025-02-05 12:17:44 0 [Note] Server socket created on IP: '::'.
2025-02-05 12:17:44 6 [Warning] Failed to load slave replication state from table mysql.gtid_slave_pos: 1932: Table 'mysql.gtid_slave_pos' doesn't exist in engine
2025-02-05 12:17:44 0 [Note] Reading of all Master_info entries succeeded
2025-02-05 12:17:44 0 [Note] Added new Master_info '' to hash table
2025-02-05 12:17:44 0 [Note] C:\xampp\mysql\bin\mysqld.exe: ready for connections.
Version: '10.4.32-MariaDB'  socket: ''  port: 3306  mariadb.org binary distribution
2025-02-05 16:09:02 0 [Note] Starting MariaDB 10.4.32-MariaDB source revision c4143f909528e3fab0677a28631d10389354c491 as process 6380
2025-02-05 16:09:02 0 [Note] InnoDB: Mutexes and rw_locks use Windows interlocked functions
2025-02-05 16:09:02 0 [Note] InnoDB: Uses event mutexes
2025-02-05 16:09:02 0 [Note] InnoDB: Compressed tables use zlib 1.3
2025-02-05 16:09:02 0 [Note] InnoDB: Number of pools: 1
2025-02-05 16:09:02 0 [Note] InnoDB: Using SSE2 crc32 instructions
2025-02-05 16:09:02 0 [Note] InnoDB: Initializing buffer pool, total size = 16M, instances = 1, chunk size = 16M
2025-02-05 16:09:02 0 [Note] InnoDB: Completed initialization of buffer pool
2025-02-05 16:09:02 0 [Note] InnoDB: Starting crash recovery from checkpoint LSN=196259
2025-02-05 16:09:02 0 [Note] InnoDB: 128 out of 128 rollback segments are active.
2025-02-05 16:09:02 0 [Note] InnoDB: Removed temporary tablespace data file: "ibtmp1"
2025-02-05 16:09:02 0 [Note] InnoDB: Creating shared tablespace for temporary tables
2025-02-05 16:09:03 0 [Note] InnoDB: Setting file 'C:\xampp\mysql\data\ibtmp1' size to 12 MB. Physically writing the file full; Please wait ...
2025-02-05 16:09:03 0 [Note] InnoDB: File 'C:\xampp\mysql\data\ibtmp1' size is now 12 MB.
2025-02-05 16:09:03 0 [Note] InnoDB: Waiting for purge to start
2025-02-05 16:09:03 0 [Note] InnoDB: 10.4.32 started; log sequence number 196268; transaction id 270
2025-02-05 16:09:03 0 [Note] Plugin 'FEEDBACK' is disabled.
2025-02-05 16:09:03 0 [Note] Server socket created on IP: '::'.
2025-02-05 16:09:03 0 [Note] InnoDB: Loading buffer pool(s) from C:\xampp\mysql\data\ib_buffer_pool
2025-02-05 16:09:03 0 [Note] InnoDB: Buffer pool(s) load completed at 250205 16:09:03
2025-02-05 16:09:03 6 [Warning] Failed to load slave replication state from table mysql.gtid_slave_pos: 1932: Table 'mysql.gtid_slave_pos' doesn't exist in engine
2025-02-05 16:09:03 0 [Note] Reading of all Master_info entries succeeded
2025-02-05 16:09:03 0 [Note] Added new Master_info '' to hash table
2025-02-05 16:09:03 0 [Note] C:\xampp\mysql\bin\mysqld.exe: ready for connections.
Version: '10.4.32-MariaDB'  socket: ''  port: 3306  mariadb.org binary distribution
2025-02-05 16:20:59 33 [ERROR] InnoDB: Table `mysql`.`innodb_table_stats` not found.
2025-02-06  9:33:03 98 [Warning] Access denied for user ''@'localhost' (using password: NO)
2025-02-06  9:34:12 99 [Warning] Access denied for user ''@'localhost' (using password: NO)
2025-02-06  9:34:25 100 [Warning] Access denied for user 'aless'@'localhost' (using password: YES)
2025-02-06  9:40:49 155 [Warning] Access denied for user 'root'@'localhost' (using password: NO)
2025-02-06  9:40:54 157 [Warning] Access denied for user 'root'@'localhost' (using password: NO)
2025-02-06  9:40:59 159 [Warning] Access denied for user 'root'@'localhost' (using password: NO)
2025-02-06  9:41:01 161 [Warning] Access denied for user 'root'@'localhost' (using password: NO)
2025-02-06  9:42:33 162 [Warning] Aborted connection 162 to db: 'mysql' user: 'root' host: 'localhost' (Got an error reading communication packets)
2025-02-06  9:43:39 0 [Note] C:\xampp\mysql\bin\mysqld.exe (initiated by: unknown): Normal shutdown
2025-02-06  9:43:39 0 [Note] Event Scheduler: Purging the queue. 0 events
2025-02-06  9:43:39 0 [Note] InnoDB: FTS optimize thread exiting.
2025-02-06  9:43:39 0 [Note] InnoDB: Starting shutdown...
2025-02-06  9:43:39 0 [Note] InnoDB: Dumping buffer pool(s) to C:\xampp\mysql\data\ib_buffer_pool
2025-02-06  9:43:39 0 [Note] InnoDB: Instance 0, restricted to 250 pages due to innodb_buf_pool_dump_pct=25
2025-02-06  9:43:39 0 [Note] InnoDB: Buffer pool(s) dump completed at 250206  9:43:39
2025-02-06  9:43:40 0 [Note] InnoDB: Removed temporary tablespace data file: "ibtmp1"
2025-02-06  9:43:40 0 [Note] InnoDB: Shutdown completed; log sequence number 200585; transaction id 282
2025-02-06  9:43:40 0 [Note] C:\xampp\mysql\bin\mysqld.exe: Shutdown complete

2025-02-06  9:43:42 0 [Note] Starting MariaDB 10.4.32-MariaDB source revision c4143f909528e3fab0677a28631d10389354c491 as process 23288
2025-02-06  9:43:42 0 [Note] InnoDB: Mutexes and rw_locks use Windows interlocked functions
2025-02-06  9:43:42 0 [Note] InnoDB: Uses event mutexes
2025-02-06  9:43:42 0 [Note] InnoDB: Compressed tables use zlib 1.3
2025-02-06  9:43:42 0 [Note] InnoDB: Number of pools: 1
2025-02-06  9:43:42 0 [Note] InnoDB: Using SSE2 crc32 instructions
2025-02-06  9:43:42 0 [Note] InnoDB: Initializing buffer pool, total size = 16M, instances = 1, chunk size = 16M
2025-02-06  9:43:42 0 [Note] InnoDB: Completed initialization of buffer pool
2025-02-06  9:43:42 0 [Note] InnoDB: 128 out of 128 rollback segments are active.
2025-02-06  9:43:42 0 [Note] InnoDB: Creating shared tablespace for temporary tables
2025-02-06  9:43:42 0 [Note] InnoDB: Setting file 'C:\xampp\mysql\data\ibtmp1' size to 12 MB. Physically writing the file full; Please wait ...
2025-02-06  9:43:42 0 [Note] InnoDB: File 'C:\xampp\mysql\data\ibtmp1' size is now 12 MB.
2025-02-06  9:43:42 0 [Note] InnoDB: Waiting for purge to start
2025-02-06  9:43:42 0 [Note] InnoDB: 10.4.32 started; log sequence number 200585; transaction id 283
2025-02-06  9:43:42 0 [Note] InnoDB: Loading buffer pool(s) from C:\xampp\mysql\data\ib_buffer_pool
2025-02-06  9:43:42 0 [Note] Plugin 'FEEDBACK' is disabled.
2025-02-06  9:43:42 0 [Note] InnoDB: Buffer pool(s) load completed at 250206  9:43:42
2025-02-06  9:43:42 0 [Note] Server socket created on IP: '::'.
2025-02-06  9:43:42 6 [Warning] Failed to load slave replication state from table mysql.gtid_slave_pos: 1932: Table 'mysql.gtid_slave_pos' doesn't exist in engine
2025-02-06  9:43:42 0 [Note] Reading of all Master_info entries succeeded
2025-02-06  9:43:42 0 [Note] Added new Master_info '' to hash table
2025-02-06  9:43:42 0 [Note] C:\xampp\mysql\bin\mysqld.exe: ready for connections.
Version: '10.4.32-MariaDB'  socket: ''  port: 3306  mariadb.org binary distribution
2025-02-06  9:43:48 9 [Warning] Access denied for user 'root'@'localhost' (using password: NO)
2025-02-06  9:43:52 11 [Warning] Access denied for user 'root'@'localhost' (using password: NO)
2025-02-06  9:45:49 12 [Warning] Aborted connection 12 to db: 'mysql' user: 'root' host: 'localhost' (Got an error reading communication packets)
2025-02-06  9:47:49 54 [ERROR] InnoDB: Table `mysql`.`innodb_table_stats` not found.
2025-02-06 14:19:32 101 [Warning] Access denied for user 'aless'@'localhost' (using password: NO)
2025-02-06 14:19:35 102 [Warning] Access denied for user 'aless'@'localhost' (using password: NO)
2025-02-06 14:20:49 105 [Warning] Access denied for user 'root'@'localhost' (using password: NO)
2025-02-06 14:20:52 107 [Warning] Access denied for user 'root'@'localhost' (using password: NO)
2025-02-06 14:21:45 108 [Warning] Access denied for user 'root'@'localhost' (using password: NO)
2025-02-06 14:22:12 109 [Warning] Aborted connection 109 to db: 'unconnected' user: 'root' host: 'localhost' (Got an error reading communication packets)
2025-02-06 14:23:49 0 [Note] C:\xampp\mysql\bin\mysqld.exe (initiated by: unknown): Normal shutdown
2025-02-06 14:23:49 0 [Note] Event Scheduler: Purging the queue. 0 events
2025-02-06 14:23:49 0 [Note] InnoDB: FTS optimize thread exiting.
2025-02-06 14:23:50 0 [Note] InnoDB: Starting shutdown...
2025-02-06 14:23:50 0 [Note] InnoDB: Dumping buffer pool(s) to C:\xampp\mysql\data\ib_buffer_pool
2025-02-06 14:23:50 0 [Note] InnoDB: Instance 0, restricted to 250 pages due to innodb_buf_pool_dump_pct=25
2025-02-06 14:23:50 0 [Note] InnoDB: Buffer pool(s) dump completed at 250206 14:23:50
2025-02-06 14:23:50 0 [Note] InnoDB: Removed temporary tablespace data file: "ibtmp1"
2025-02-06 14:23:50 0 [Note] InnoDB: Shutdown completed; log sequence number 200594; transaction id 283
2025-02-06 14:23:50 0 [Note] C:\xampp\mysql\bin\mysqld.exe: Shutdown complete

2025-02-06 14:23:52 0 [Note] Starting MariaDB 10.4.32-MariaDB source revision c4143f909528e3fab0677a28631d10389354c491 as process 19620
2025-02-06 14:23:52 0 [Note] InnoDB: Mutexes and rw_locks use Windows interlocked functions
2025-02-06 14:23:52 0 [Note] InnoDB: Uses event mutexes
2025-02-06 14:23:52 0 [Note] InnoDB: Compressed tables use zlib 1.3
2025-02-06 14:23:52 0 [Note] InnoDB: Number of pools: 1
2025-02-06 14:23:52 0 [Note] InnoDB: Using SSE2 crc32 instructions
2025-02-06 14:23:52 0 [Note] InnoDB: Initializing buffer pool, total size = 16M, instances = 1, chunk size = 16M
2025-02-06 14:23:52 0 [Note] InnoDB: Completed initialization of buffer pool
2025-02-06 14:23:53 0 [Note] InnoDB: 128 out of 128 rollback segments are active.
2025-02-06 14:23:53 0 [Note] InnoDB: Creating shared tablespace for temporary tables
2025-02-06 14:23:53 0 [Note] InnoDB: Setting file 'C:\xampp\mysql\data\ibtmp1' size to 12 MB. Physically writing the file full; Please wait ...
2025-02-06 14:23:53 0 [Note] InnoDB: File 'C:\xampp\mysql\data\ibtmp1' size is now 12 MB.
2025-02-06 14:23:53 0 [Note] InnoDB: Waiting for purge to start
2025-02-06 14:23:53 0 [Note] InnoDB: 10.4.32 started; log sequence number 200594; transaction id 283
2025-02-06 14:23:53 0 [Note] InnoDB: Loading buffer pool(s) from C:\xampp\mysql\data\ib_buffer_pool
2025-02-06 14:23:53 0 [Note] Plugin 'FEEDBACK' is disabled.
2025-02-06 14:23:53 0 [Note] InnoDB: Buffer pool(s) load completed at 250206 14:23:53
2025-02-06 14:23:53 0 [Note] Server socket created on IP: '::'.
2025-02-06 14:23:53 6 [Warning] Failed to load slave replication state from table mysql.gtid_slave_pos: 1932: Table 'mysql.gtid_slave_pos' doesn't exist in engine
2025-02-06 14:23:53 0 [Note] Reading of all Master_info entries succeeded
2025-02-06 14:23:53 0 [Note] Added new Master_info '' to hash table
2025-02-06 14:23:53 0 [Note] C:\xampp\mysql\bin\mysqld.exe: ready for connections.
Version: '10.4.32-MariaDB'  socket: ''  port: 3306  mariadb.org binary distribution
2025-02-06 14:24:20 25 [ERROR] InnoDB: Table `mysql`.`innodb_table_stats` not found.
